{"C:\\Users\\Lenovo_NB\\Desktop\\ISA\\ISA-2020\\api\\src\\entities\\Address.ts": {"path":"C:\\Users\\Lenovo_NB\\Desktop\\ISA\\ISA-2020\\api\\src\\entities\\Address.ts","statementMap":{"0":{"start":{"line":1,"column":0},"end":{"line":1,"column":49}},"1":{"start":{"line":2,"column":0},"end":{"line":2,"column":62}},"2":{"start":{"line":3,"column":0},"end":{"line":3,"column":32}},"3":{"start":{"line":4,"column":0},"end":{"line":4,"column":38}},"4":{"start":{"line":5,"column":0},"end":{"line":5,"column":26}},"5":{"start":{"line":9,"column":0},"end":{"line":39,"column":null}},"6":{"start":{"line":12,"column":2},"end":{"line":12,"column":null}},"7":{"start":{"line":11,"column":19},"end":{"line":11,"column":23}},"8":{"start":{"line":11,"column":33},"end":{"line":11,"column":45}},"9":{"start":{"line":16,"column":2},"end":{"line":16,"column":null}},"10":{"start":{"line":15,"column":18},"end":{"line":15,"column":26}},"11":{"start":{"line":20,"column":2},"end":{"line":20,"column":null}},"12":{"start":{"line":24,"column":2},"end":{"line":24,"column":null}},"13":{"start":{"line":28,"column":2},"end":{"line":28,"column":null}},"14":{"start":{"line":32,"column":2},"end":{"line":32,"column":null}},"15":{"start":{"line":36,"column":2},"end":{"line":36,"column":null}},"16":{"start":{"line":9,"column":13},"end":{"line":39,"column":null}},"17":{"start":{"line":9,"column":13},"end":{"line":9,"column":20}}},"fnMap":{"0":{"name":"(anonymous_3)","decl":{"start":{"line":11,"column":13},"end":{"line":11,"column":16}},"loc":{"start":{"line":11,"column":19},"end":{"line":11,"column":23}}},"1":{"name":"(anonymous_4)","decl":{"start":{"line":11,"column":25},"end":{"line":11,"column":29}},"loc":{"start":{"line":11,"column":33},"end":{"line":11,"column":45}}},"2":{"name":"(anonymous_5)","decl":{"start":{"line":15,"column":12},"end":{"line":15,"column":15}},"loc":{"start":{"line":15,"column":18},"end":{"line":15,"column":26}}}},"branchMap":{},"s":{"0":1,"1":1,"2":1,"3":1,"4":1,"5":1,"6":1,"7":0,"8":0,"9":1,"10":0,"11":1,"12":1,"13":1,"14":1,"15":1,"16":1,"17":1},"f":{"0":0,"1":0,"2":0},"b":{}}
,"C:\\Users\\Lenovo_NB\\Desktop\\ISA\\ISA-2020\\api\\src\\entities\\Appointment.ts": {"path":"C:\\Users\\Lenovo_NB\\Desktop\\ISA\\ISA-2020\\api\\src\\entities\\Appointment.ts","statementMap":{"0":{"start":{"line":1,"column":0},"end":{"line":1,"column":71}},"1":{"start":{"line":2,"column":0},"end":{"line":2,"column":157}},"2":{"start":{"line":3,"column":0},"end":{"line":3,"column":38}},"3":{"start":{"line":4,"column":0},"end":{"line":4,"column":32}},"4":{"start":{"line":5,"column":0},"end":{"line":5,"column":32}},"5":{"start":{"line":6,"column":0},"end":{"line":6,"column":38}},"6":{"start":{"line":7,"column":0},"end":{"line":7,"column":46}},"7":{"start":{"line":11,"column":0},"end":{"line":65,"column":null}},"8":{"start":{"line":16,"column":2},"end":{"line":16,"column":null}},"9":{"start":{"line":13,"column":14},"end":{"line":13,"column":21}},"10":{"start":{"line":14,"column":18},"end":{"line":14,"column":25}},"11":{"start":{"line":14,"column":35},"end":{"line":14,"column":52}},"12":{"start":{"line":21,"column":2},"end":{"line":21,"column":null}},"13":{"start":{"line":18,"column":14},"end":{"line":18,"column":22}},"14":{"start":{"line":19,"column":19},"end":{"line":19,"column":27}},"15":{"start":{"line":19,"column":37},"end":{"line":19,"column":50}},"16":{"start":{"line":26,"column":2},"end":{"line":26,"column":null}},"17":{"start":{"line":23,"column":14},"end":{"line":23,"column":22}},"18":{"start":{"line":24,"column":18},"end":{"line":24,"column":26}},"19":{"start":{"line":24,"column":36},"end":{"line":24,"column":53}},"20":{"start":{"line":31,"column":2},"end":{"line":31,"column":null}},"21":{"start":{"line":28,"column":15},"end":{"line":28,"column":27}},"22":{"start":{"line":29,"column":18},"end":{"line":29,"column":30}},"23":{"start":{"line":29,"column":40},"end":{"line":29,"column":56}},"24":{"start":{"line":35,"column":2},"end":{"line":35,"column":null}},"25":{"start":{"line":39,"column":2},"end":{"line":39,"column":null}},"26":{"start":{"line":43,"column":2},"end":{"line":43,"column":null}},"27":{"start":{"line":47,"column":2},"end":{"line":47,"column":null}},"28":{"start":{"line":51,"column":2},"end":{"line":51,"column":null}},"29":{"start":{"line":55,"column":2},"end":{"line":55,"column":null}},"30":{"start":{"line":59,"column":2},"end":{"line":59,"column":null}},"31":{"start":{"line":57,"column":14},"end":{"line":57,"column":20}},"32":{"start":{"line":63,"column":2},"end":{"line":63,"column":null}},"33":{"start":{"line":61,"column":14},"end":{"line":61,"column":20}},"34":{"start":{"line":11,"column":13},"end":{"line":65,"column":null}},"35":{"start":{"line":11,"column":13},"end":{"line":11,"column":24}}},"fnMap":{"0":{"name":"(anonymous_3)","decl":{"start":{"line":13,"column":8},"end":{"line":13,"column":11}},"loc":{"start":{"line":13,"column":14},"end":{"line":13,"column":21}}},"1":{"name":"(anonymous_4)","decl":{"start":{"line":14,"column":12},"end":{"line":14,"column":15}},"loc":{"start":{"line":14,"column":18},"end":{"line":14,"column":25}}},"2":{"name":"(anonymous_5)","decl":{"start":{"line":14,"column":27},"end":{"line":14,"column":31}},"loc":{"start":{"line":14,"column":35},"end":{"line":14,"column":52}}},"3":{"name":"(anonymous_6)","decl":{"start":{"line":18,"column":8},"end":{"line":18,"column":11}},"loc":{"start":{"line":18,"column":14},"end":{"line":18,"column":22}}},"4":{"name":"(anonymous_7)","decl":{"start":{"line":19,"column":13},"end":{"line":19,"column":16}},"loc":{"start":{"line":19,"column":19},"end":{"line":19,"column":27}}},"5":{"name":"(anonymous_8)","decl":{"start":{"line":19,"column":29},"end":{"line":19,"column":33}},"loc":{"start":{"line":19,"column":37},"end":{"line":19,"column":50}}},"6":{"name":"(anonymous_9)","decl":{"start":{"line":23,"column":8},"end":{"line":23,"column":11}},"loc":{"start":{"line":23,"column":14},"end":{"line":23,"column":22}}},"7":{"name":"(anonymous_10)","decl":{"start":{"line":24,"column":12},"end":{"line":24,"column":15}},"loc":{"start":{"line":24,"column":18},"end":{"line":24,"column":26}}},"8":{"name":"(anonymous_11)","decl":{"start":{"line":24,"column":28},"end":{"line":24,"column":32}},"loc":{"start":{"line":24,"column":36},"end":{"line":24,"column":53}}},"9":{"name":"(anonymous_12)","decl":{"start":{"line":28,"column":9},"end":{"line":28,"column":12}},"loc":{"start":{"line":28,"column":15},"end":{"line":28,"column":27}}},"10":{"name":"(anonymous_13)","decl":{"start":{"line":29,"column":12},"end":{"line":29,"column":15}},"loc":{"start":{"line":29,"column":18},"end":{"line":29,"column":30}}},"11":{"name":"(anonymous_14)","decl":{"start":{"line":29,"column":32},"end":{"line":29,"column":36}},"loc":{"start":{"line":29,"column":40},"end":{"line":29,"column":56}}},"12":{"name":"(anonymous_15)","decl":{"start":{"line":57,"column":8},"end":{"line":57,"column":11}},"loc":{"start":{"line":57,"column":14},"end":{"line":57,"column":20}}},"13":{"name":"(anonymous_16)","decl":{"start":{"line":61,"column":8},"end":{"line":61,"column":11}},"loc":{"start":{"line":61,"column":14},"end":{"line":61,"column":20}}}},"branchMap":{},"s":{"0":1,"1":1,"2":1,"3":1,"4":1,"5":1,"6":1,"7":1,"8":1,"9":0,"10":0,"11":0,"12":1,"13":0,"14":0,"15":0,"16":1,"17":0,"18":0,"19":0,"20":1,"21":0,"22":0,"23":0,"24":1,"25":1,"26":1,"27":1,"28":1,"29":1,"30":1,"31":0,"32":1,"33":0,"34":1,"35":1},"f":{"0":0,"1":0,"2":0,"3":0,"4":0,"5":0,"6":0,"7":0,"8":0,"9":0,"10":0,"11":0,"12":0,"13":0},"b":{}}
,"C:\\Users\\Lenovo_NB\\Desktop\\ISA\\ISA-2020\\api\\src\\entities\\AppointmentDefinition.ts": {"path":"C:\\Users\\Lenovo_NB\\Desktop\\ISA\\ISA-2020\\api\\src\\entities\\AppointmentDefinition.ts","statementMap":{"0":{"start":{"line":1,"column":0},"end":{"line":1,"column":64}},"1":{"start":{"line":2,"column":0},"end":{"line":2,"column":135}},"2":{"start":{"line":3,"column":0},"end":{"line":3,"column":32}},"3":{"start":{"line":4,"column":0},"end":{"line":4,"column":38}},"4":{"start":{"line":9,"column":0},"end":{"line":31,"column":null}},"5":{"start":{"line":12,"column":2},"end":{"line":12,"column":null}},"6":{"start":{"line":16,"column":2},"end":{"line":16,"column":null}},"7":{"start":{"line":20,"column":2},"end":{"line":20,"column":null}},"8":{"start":{"line":24,"column":2},"end":{"line":24,"column":null}},"9":{"start":{"line":29,"column":2},"end":{"line":29,"column":null}},"10":{"start":{"line":26,"column":15},"end":{"line":26,"column":23}},"11":{"start":{"line":27,"column":19},"end":{"line":27,"column":27}},"12":{"start":{"line":27,"column":37},"end":{"line":27,"column":50}},"13":{"start":{"line":9,"column":13},"end":{"line":31,"column":null}},"14":{"start":{"line":9,"column":13},"end":{"line":9,"column":34}}},"fnMap":{"0":{"name":"(anonymous_2)","decl":{"start":{"line":26,"column":9},"end":{"line":26,"column":12}},"loc":{"start":{"line":26,"column":15},"end":{"line":26,"column":23}}},"1":{"name":"(anonymous_3)","decl":{"start":{"line":27,"column":13},"end":{"line":27,"column":16}},"loc":{"start":{"line":27,"column":19},"end":{"line":27,"column":27}}},"2":{"name":"(anonymous_4)","decl":{"start":{"line":27,"column":29},"end":{"line":27,"column":33}},"loc":{"start":{"line":27,"column":37},"end":{"line":27,"column":50}}}},"branchMap":{},"s":{"0":1,"1":1,"2":1,"3":1,"4":1,"5":1,"6":1,"7":1,"8":1,"9":1,"10":0,"11":0,"12":0,"13":1,"14":1},"f":{"0":0,"1":0,"2":0},"b":{}}
,"C:\\Users\\Lenovo_NB\\Desktop\\ISA\\ISA-2020\\api\\src\\entities\\Complaint.ts": {"path":"C:\\Users\\Lenovo_NB\\Desktop\\ISA\\ISA-2020\\api\\src\\entities\\Complaint.ts","statementMap":{"0":{"start":{"line":1,"column":0},"end":{"line":1,"column":64}},"1":{"start":{"line":2,"column":0},"end":{"line":2,"column":123}},"2":{"start":{"line":3,"column":0},"end":{"line":3,"column":32}},"3":{"start":{"line":4,"column":0},"end":{"line":4,"column":32}},"4":{"start":{"line":5,"column":0},"end":{"line":5,"column":38}},"5":{"start":{"line":6,"column":0},"end":{"line":6,"column":38}},"6":{"start":{"line":10,"column":0},"end":{"line":31,"column":null}},"7":{"start":{"line":15,"column":2},"end":{"line":15,"column":null}},"8":{"start":{"line":12,"column":14},"end":{"line":12,"column":21}},"9":{"start":{"line":13,"column":18},"end":{"line":13,"column":25}},"10":{"start":{"line":13,"column":35},"end":{"line":13,"column":50}},"11":{"start":{"line":20,"column":2},"end":{"line":20,"column":null}},"12":{"start":{"line":17,"column":14},"end":{"line":17,"column":22}},"13":{"start":{"line":18,"column":18},"end":{"line":18,"column":26}},"14":{"start":{"line":18,"column":36},"end":{"line":18,"column":51}},"15":{"start":{"line":25,"column":2},"end":{"line":25,"column":null}},"16":{"start":{"line":22,"column":14},"end":{"line":22,"column":22}},"17":{"start":{"line":23,"column":18},"end":{"line":23,"column":26}},"18":{"start":{"line":23,"column":36},"end":{"line":23,"column":51}},"19":{"start":{"line":29,"column":2},"end":{"line":29,"column":null}},"20":{"start":{"line":10,"column":13},"end":{"line":31,"column":null}},"21":{"start":{"line":10,"column":13},"end":{"line":10,"column":22}}},"fnMap":{"0":{"name":"(anonymous_3)","decl":{"start":{"line":12,"column":8},"end":{"line":12,"column":11}},"loc":{"start":{"line":12,"column":14},"end":{"line":12,"column":21}}},"1":{"name":"(anonymous_4)","decl":{"start":{"line":13,"column":12},"end":{"line":13,"column":15}},"loc":{"start":{"line":13,"column":18},"end":{"line":13,"column":25}}},"2":{"name":"(anonymous_5)","decl":{"start":{"line":13,"column":27},"end":{"line":13,"column":31}},"loc":{"start":{"line":13,"column":35},"end":{"line":13,"column":50}}},"3":{"name":"(anonymous_6)","decl":{"start":{"line":17,"column":8},"end":{"line":17,"column":11}},"loc":{"start":{"line":17,"column":14},"end":{"line":17,"column":22}}},"4":{"name":"(anonymous_7)","decl":{"start":{"line":18,"column":12},"end":{"line":18,"column":15}},"loc":{"start":{"line":18,"column":18},"end":{"line":18,"column":26}}},"5":{"name":"(anonymous_8)","decl":{"start":{"line":18,"column":28},"end":{"line":18,"column":32}},"loc":{"start":{"line":18,"column":36},"end":{"line":18,"column":51}}},"6":{"name":"(anonymous_9)","decl":{"start":{"line":22,"column":8},"end":{"line":22,"column":11}},"loc":{"start":{"line":22,"column":14},"end":{"line":22,"column":22}}},"7":{"name":"(anonymous_10)","decl":{"start":{"line":23,"column":12},"end":{"line":23,"column":15}},"loc":{"start":{"line":23,"column":18},"end":{"line":23,"column":26}}},"8":{"name":"(anonymous_11)","decl":{"start":{"line":23,"column":28},"end":{"line":23,"column":32}},"loc":{"start":{"line":23,"column":36},"end":{"line":23,"column":51}}}},"branchMap":{},"s":{"0":1,"1":1,"2":1,"3":1,"4":1,"5":1,"6":1,"7":1,"8":0,"9":0,"10":0,"11":1,"12":0,"13":0,"14":0,"15":1,"16":0,"17":0,"18":0,"19":1,"20":1,"21":1},"f":{"0":0,"1":0,"2":0,"3":0,"4":0,"5":0,"6":0,"7":0,"8":0},"b":{}}
,"C:\\Users\\Lenovo_NB\\Desktop\\ISA\\ISA-2020\\api\\src\\entities\\EPrescription.ts": {"path":"C:\\Users\\Lenovo_NB\\Desktop\\ISA\\ISA-2020\\api\\src\\entities\\EPrescription.ts","statementMap":{"0":{"start":{"line":1,"column":0},"end":{"line":1,"column":111}},"1":{"start":{"line":2,"column":0},"end":{"line":2,"column":53}},"2":{"start":{"line":3,"column":0},"end":{"line":3,"column":32}},"3":{"start":{"line":5,"column":0},"end":{"line":5,"column":38}},"4":{"start":{"line":6,"column":0},"end":{"line":6,"column":32}},"5":{"start":{"line":8,"column":15},"end":{"line":10,"column":null}},"6":{"start":{"line":14,"column":0},"end":{"line":36,"column":null}},"7":{"start":{"line":18,"column":2},"end":{"line":18,"column":null}},"8":{"start":{"line":16,"column":14},"end":{"line":16,"column":21}},"9":{"start":{"line":17,"column":19},"end":{"line":17,"column":26}},"10":{"start":{"line":22,"column":2},"end":{"line":22,"column":null}},"11":{"start":{"line":20,"column":14},"end":{"line":20,"column":22}},"12":{"start":{"line":21,"column":19},"end":{"line":21,"column":27}},"13":{"start":{"line":26,"column":2},"end":{"line":26,"column":null}},"14":{"start":{"line":30,"column":2},"end":{"line":30,"column":null}},"15":{"start":{"line":34,"column":2},"end":{"line":34,"column":null}},"16":{"start":{"line":14,"column":13},"end":{"line":36,"column":null}},"17":{"start":{"line":14,"column":13},"end":{"line":14,"column":26}}},"fnMap":{"0":{"name":"(anonymous_3)","decl":{"start":{"line":16,"column":8},"end":{"line":16,"column":11}},"loc":{"start":{"line":16,"column":14},"end":{"line":16,"column":21}}},"1":{"name":"(anonymous_4)","decl":{"start":{"line":17,"column":13},"end":{"line":17,"column":16}},"loc":{"start":{"line":17,"column":19},"end":{"line":17,"column":26}}},"2":{"name":"(anonymous_5)","decl":{"start":{"line":20,"column":8},"end":{"line":20,"column":11}},"loc":{"start":{"line":20,"column":14},"end":{"line":20,"column":22}}},"3":{"name":"(anonymous_6)","decl":{"start":{"line":21,"column":13},"end":{"line":21,"column":16}},"loc":{"start":{"line":21,"column":19},"end":{"line":21,"column":27}}}},"branchMap":{},"s":{"0":1,"1":1,"2":1,"3":1,"4":1,"5":1,"6":1,"7":1,"8":0,"9":0,"10":1,"11":0,"12":0,"13":1,"14":1,"15":1,"16":1,"17":1},"f":{"0":0,"1":0,"2":0,"3":0},"b":{}}
,"C:\\Users\\Lenovo_NB\\Desktop\\ISA\\ISA-2020\\api\\src\\entities\\Employee.ts": {"path":"C:\\Users\\Lenovo_NB\\Desktop\\ISA\\ISA-2020\\api\\src\\entities\\Employee.ts","statementMap":{"0":{"start":{"line":1,"column":0},"end":{"line":1,"column":60}},"1":{"start":{"line":2,"column":0},"end":{"line":2,"column":76}},"2":{"start":{"line":3,"column":0},"end":{"line":3,"column":44}},"3":{"start":{"line":4,"column":0},"end":{"line":4,"column":36}},"4":{"start":{"line":5,"column":0},"end":{"line":5,"column":52}},"5":{"start":{"line":6,"column":0},"end":{"line":6,"column":34}},"6":{"start":{"line":7,"column":0},"end":{"line":7,"column":38}},"7":{"start":{"line":8,"column":0},"end":{"line":8,"column":40}},"8":{"start":{"line":9,"column":0},"end":{"line":9,"column":26}},"9":{"start":{"line":10,"column":0},"end":{"line":10,"column":46}},"10":{"start":{"line":14,"column":0},"end":{"line":47,"column":null}},"11":{"start":{"line":18,"column":2},"end":{"line":18,"column":null}},"12":{"start":{"line":16,"column":14},"end":{"line":16,"column":23}},"13":{"start":{"line":17,"column":19},"end":{"line":17,"column":26}},"14":{"start":{"line":17,"column":36},"end":{"line":17,"column":49}},"15":{"start":{"line":22,"column":2},"end":{"line":22,"column":null}},"16":{"start":{"line":20,"column":15},"end":{"line":20,"column":23}},"17":{"start":{"line":21,"column":19},"end":{"line":21,"column":25}},"18":{"start":{"line":21,"column":35},"end":{"line":21,"column":48}},"19":{"start":{"line":25,"column":2},"end":{"line":25,"column":null}},"20":{"start":{"line":24,"column":19},"end":{"line":24,"column":28}},"21":{"start":{"line":24,"column":38},"end":{"line":24,"column":51}},"22":{"start":{"line":28,"column":2},"end":{"line":28,"column":null}},"23":{"start":{"line":27,"column":18},"end":{"line":27,"column":29}},"24":{"start":{"line":27,"column":39},"end":{"line":27,"column":52}},"25":{"start":{"line":32,"column":2},"end":{"line":32,"column":null}},"26":{"start":{"line":30,"column":14},"end":{"line":30,"column":28}},"27":{"start":{"line":31,"column":18},"end":{"line":31,"column":30}},"28":{"start":{"line":31,"column":40},"end":{"line":31,"column":53}},"29":{"start":{"line":36,"column":2},"end":{"line":36,"column":null}},"30":{"start":{"line":34,"column":16},"end":{"line":34,"column":33}},"31":{"start":{"line":35,"column":19},"end":{"line":35,"column":34}},"32":{"start":{"line":35,"column":44},"end":{"line":35,"column":57}},"33":{"start":{"line":40,"column":2},"end":{"line":40,"column":null}},"34":{"start":{"line":38,"column":14},"end":{"line":38,"column":22}},"35":{"start":{"line":39,"column":18},"end":{"line":39,"column":26}},"36":{"start":{"line":44,"column":2},"end":{"line":44,"column":null}},"37":{"start":{"line":14,"column":13},"end":{"line":47,"column":null}},"38":{"start":{"line":14,"column":13},"end":{"line":14,"column":21}}},"fnMap":{"0":{"name":"(anonymous_3)","decl":{"start":{"line":16,"column":8},"end":{"line":16,"column":11}},"loc":{"start":{"line":16,"column":14},"end":{"line":16,"column":23}}},"1":{"name":"(anonymous_4)","decl":{"start":{"line":17,"column":13},"end":{"line":17,"column":16}},"loc":{"start":{"line":17,"column":19},"end":{"line":17,"column":26}}},"2":{"name":"(anonymous_5)","decl":{"start":{"line":17,"column":28},"end":{"line":17,"column":32}},"loc":{"start":{"line":17,"column":36},"end":{"line":17,"column":49}}},"3":{"name":"(anonymous_6)","decl":{"start":{"line":20,"column":9},"end":{"line":20,"column":12}},"loc":{"start":{"line":20,"column":15},"end":{"line":20,"column":23}}},"4":{"name":"(anonymous_7)","decl":{"start":{"line":21,"column":13},"end":{"line":21,"column":16}},"loc":{"start":{"line":21,"column":19},"end":{"line":21,"column":25}}},"5":{"name":"(anonymous_8)","decl":{"start":{"line":21,"column":27},"end":{"line":21,"column":31}},"loc":{"start":{"line":21,"column":35},"end":{"line":21,"column":48}}},"6":{"name":"(anonymous_9)","decl":{"start":{"line":24,"column":13},"end":{"line":24,"column":16}},"loc":{"start":{"line":24,"column":19},"end":{"line":24,"column":28}}},"7":{"name":"(anonymous_10)","decl":{"start":{"line":24,"column":30},"end":{"line":24,"column":34}},"loc":{"start":{"line":24,"column":38},"end":{"line":24,"column":51}}},"8":{"name":"(anonymous_11)","decl":{"start":{"line":27,"column":12},"end":{"line":27,"column":15}},"loc":{"start":{"line":27,"column":18},"end":{"line":27,"column":29}}},"9":{"name":"(anonymous_12)","decl":{"start":{"line":27,"column":31},"end":{"line":27,"column":35}},"loc":{"start":{"line":27,"column":39},"end":{"line":27,"column":52}}},"10":{"name":"(anonymous_13)","decl":{"start":{"line":30,"column":8},"end":{"line":30,"column":11}},"loc":{"start":{"line":30,"column":14},"end":{"line":30,"column":28}}},"11":{"name":"(anonymous_14)","decl":{"start":{"line":31,"column":12},"end":{"line":31,"column":15}},"loc":{"start":{"line":31,"column":18},"end":{"line":31,"column":30}}},"12":{"name":"(anonymous_15)","decl":{"start":{"line":31,"column":32},"end":{"line":31,"column":36}},"loc":{"start":{"line":31,"column":40},"end":{"line":31,"column":53}}},"13":{"name":"(anonymous_16)","decl":{"start":{"line":34,"column":9},"end":{"line":34,"column":12}},"loc":{"start":{"line":34,"column":16},"end":{"line":34,"column":33}}},"14":{"name":"(anonymous_17)","decl":{"start":{"line":35,"column":13},"end":{"line":35,"column":16}},"loc":{"start":{"line":35,"column":19},"end":{"line":35,"column":34}}},"15":{"name":"(anonymous_18)","decl":{"start":{"line":35,"column":36},"end":{"line":35,"column":40}},"loc":{"start":{"line":35,"column":44},"end":{"line":35,"column":57}}},"16":{"name":"(anonymous_19)","decl":{"start":{"line":38,"column":8},"end":{"line":38,"column":11}},"loc":{"start":{"line":38,"column":14},"end":{"line":38,"column":22}}},"17":{"name":"(anonymous_20)","decl":{"start":{"line":39,"column":12},"end":{"line":39,"column":15}},"loc":{"start":{"line":39,"column":18},"end":{"line":39,"column":26}}}},"branchMap":{},"s":{"0":1,"1":1,"2":1,"3":1,"4":1,"5":1,"6":1,"7":1,"8":1,"9":1,"10":1,"11":1,"12":0,"13":0,"14":0,"15":1,"16":0,"17":0,"18":0,"19":1,"20":0,"21":0,"22":1,"23":0,"24":0,"25":1,"26":0,"27":0,"28":0,"29":1,"30":0,"31":0,"32":0,"33":1,"34":0,"35":0,"36":1,"37":1,"38":1},"f":{"0":0,"1":0,"2":0,"3":0,"4":0,"5":0,"6":0,"7":0,"8":0,"9":0,"10":0,"11":0,"12":0,"13":0,"14":0,"15":0,"16":0,"17":0},"b":{}}
,"C:\\Users\\Lenovo_NB\\Desktop\\ISA\\ISA-2020\\api\\src\\entities\\Holiday.ts": {"path":"C:\\Users\\Lenovo_NB\\Desktop\\ISA\\ISA-2020\\api\\src\\entities\\Holiday.ts","statementMap":{"0":{"start":{"line":1,"column":0},"end":{"line":1,"column":60}},"1":{"start":{"line":2,"column":0},"end":{"line":2,"column":87}},"2":{"start":{"line":3,"column":0},"end":{"line":3,"column":38}},"3":{"start":{"line":4,"column":0},"end":{"line":4,"column":32}},"4":{"start":{"line":8,"column":0},"end":{"line":31,"column":null}},"5":{"start":{"line":13,"column":2},"end":{"line":13,"column":null}},"6":{"start":{"line":10,"column":14},"end":{"line":10,"column":22}},"7":{"start":{"line":11,"column":19},"end":{"line":11,"column":27}},"8":{"start":{"line":11,"column":37},"end":{"line":11,"column":50}},"9":{"start":{"line":17,"column":2},"end":{"line":17,"column":null}},"10":{"start":{"line":15,"column":15},"end":{"line":15,"column":21}},"11":{"start":{"line":21,"column":2},"end":{"line":21,"column":null}},"12":{"start":{"line":19,"column":15},"end":{"line":19,"column":21}},"13":{"start":{"line":25,"column":2},"end":{"line":25,"column":null}},"14":{"start":{"line":29,"column":2},"end":{"line":29,"column":null}},"15":{"start":{"line":8,"column":13},"end":{"line":31,"column":null}},"16":{"start":{"line":8,"column":13},"end":{"line":8,"column":20}}},"fnMap":{"0":{"name":"(anonymous_2)","decl":{"start":{"line":10,"column":8},"end":{"line":10,"column":11}},"loc":{"start":{"line":10,"column":14},"end":{"line":10,"column":22}}},"1":{"name":"(anonymous_3)","decl":{"start":{"line":11,"column":13},"end":{"line":11,"column":16}},"loc":{"start":{"line":11,"column":19},"end":{"line":11,"column":27}}},"2":{"name":"(anonymous_4)","decl":{"start":{"line":11,"column":29},"end":{"line":11,"column":33}},"loc":{"start":{"line":11,"column":37},"end":{"line":11,"column":50}}},"3":{"name":"(anonymous_5)","decl":{"start":{"line":15,"column":9},"end":{"line":15,"column":12}},"loc":{"start":{"line":15,"column":15},"end":{"line":15,"column":21}}},"4":{"name":"(anonymous_6)","decl":{"start":{"line":19,"column":9},"end":{"line":19,"column":12}},"loc":{"start":{"line":19,"column":15},"end":{"line":19,"column":21}}}},"branchMap":{},"s":{"0":1,"1":1,"2":1,"3":1,"4":1,"5":1,"6":0,"7":0,"8":0,"9":1,"10":0,"11":1,"12":0,"13":1,"14":1,"15":1,"16":1},"f":{"0":0,"1":0,"2":0,"3":0,"4":0},"b":{}}
,"C:\\Users\\Lenovo_NB\\Desktop\\ISA\\ISA-2020\\api\\src\\entities\\Inventory.ts": {"path":"C:\\Users\\Lenovo_NB\\Desktop\\ISA\\ISA-2020\\api\\src\\entities\\Inventory.ts","statementMap":{"0":{"start":{"line":1,"column":0},"end":{"line":1,"column":60}},"1":{"start":{"line":2,"column":0},"end":{"line":2,"column":64}},"2":{"start":{"line":3,"column":0},"end":{"line":3,"column":160}},"3":{"start":{"line":4,"column":0},"end":{"line":4,"column":38}},"4":{"start":{"line":5,"column":0},"end":{"line":5,"column":46}},"5":{"start":{"line":6,"column":0},"end":{"line":6,"column":38}},"6":{"start":{"line":10,"column":0},"end":{"line":20,"column":null}},"7":{"start":{"line":14,"column":2},"end":{"line":14,"column":null}},"8":{"start":{"line":12,"column":15},"end":{"line":12,"column":23}},"9":{"start":{"line":13,"column":18},"end":{"line":13,"column":26}},"10":{"start":{"line":18,"column":2},"end":{"line":18,"column":null}},"11":{"start":{"line":16,"column":15},"end":{"line":16,"column":23}},"12":{"start":{"line":17,"column":18},"end":{"line":17,"column":26}},"13":{"start":{"line":10,"column":13},"end":{"line":20,"column":null}},"14":{"start":{"line":10,"column":13},"end":{"line":10,"column":22}}},"fnMap":{"0":{"name":"(anonymous_2)","decl":{"start":{"line":12,"column":9},"end":{"line":12,"column":12}},"loc":{"start":{"line":12,"column":15},"end":{"line":12,"column":23}}},"1":{"name":"(anonymous_3)","decl":{"start":{"line":13,"column":12},"end":{"line":13,"column":15}},"loc":{"start":{"line":13,"column":18},"end":{"line":13,"column":26}}},"2":{"name":"(anonymous_4)","decl":{"start":{"line":16,"column":9},"end":{"line":16,"column":12}},"loc":{"start":{"line":16,"column":15},"end":{"line":16,"column":23}}},"3":{"name":"(anonymous_5)","decl":{"start":{"line":17,"column":12},"end":{"line":17,"column":15}},"loc":{"start":{"line":17,"column":18},"end":{"line":17,"column":26}}}},"branchMap":{},"s":{"0":1,"1":1,"2":1,"3":1,"4":1,"5":1,"6":1,"7":1,"8":0,"9":0,"10":1,"11":0,"12":0,"13":1,"14":1},"f":{"0":0,"1":0,"2":0,"3":0},"b":{}}
,"C:\\Users\\Lenovo_NB\\Desktop\\ISA\\ISA-2020\\api\\src\\entities\\Medicine.ts": {"path":"C:\\Users\\Lenovo_NB\\Desktop\\ISA\\ISA-2020\\api\\src\\entities\\Medicine.ts","statementMap":{"0":{"start":{"line":1,"column":0},"end":{"line":1,"column":147}},"1":{"start":{"line":2,"column":0},"end":{"line":2,"column":64}},"2":{"start":{"line":3,"column":0},"end":{"line":3,"column":46}},"3":{"start":{"line":4,"column":0},"end":{"line":4,"column":32}},"4":{"start":{"line":5,"column":0},"end":{"line":5,"column":52}},"5":{"start":{"line":6,"column":0},"end":{"line":6,"column":32}},"6":{"start":{"line":7,"column":0},"end":{"line":7,"column":34}},"7":{"start":{"line":8,"column":0},"end":{"line":8,"column":32}},"8":{"start":{"line":12,"column":21},"end":{"line":76,"column":null}},"9":{"start":{"line":16,"column":2},"end":{"line":16,"column":null}},"10":{"start":{"line":14,"column":15},"end":{"line":14,"column":21}},"11":{"start":{"line":20,"column":2},"end":{"line":20,"column":null}},"12":{"start":{"line":18,"column":15},"end":{"line":18,"column":21}},"13":{"start":{"line":24,"column":2},"end":{"line":24,"column":null}},"14":{"start":{"line":22,"column":14},"end":{"line":22,"column":20}},"15":{"start":{"line":28,"column":2},"end":{"line":28,"column":null}},"16":{"start":{"line":32,"column":2},"end":{"line":32,"column":null}},"17":{"start":{"line":36,"column":2},"end":{"line":36,"column":null}},"18":{"start":{"line":40,"column":2},"end":{"line":40,"column":null}},"19":{"start":{"line":44,"column":2},"end":{"line":44,"column":null}},"20":{"start":{"line":49,"column":2},"end":{"line":49,"column":null}},"21":{"start":{"line":47,"column":14},"end":{"line":47,"column":21}},"22":{"start":{"line":53,"column":2},"end":{"line":53,"column":null}},"23":{"start":{"line":51,"column":14},"end":{"line":51,"column":20}},"24":{"start":{"line":56,"column":2},"end":{"line":56,"column":null}},"25":{"start":{"line":55,"column":20},"end":{"line":55,"column":27}},"26":{"start":{"line":55,"column":37},"end":{"line":55,"column":51}},"27":{"start":{"line":59,"column":2},"end":{"line":59,"column":null}},"28":{"start":{"line":58,"column":19},"end":{"line":58,"column":34}},"29":{"start":{"line":58,"column":44},"end":{"line":58,"column":57}},"30":{"start":{"line":63,"column":2},"end":{"line":63,"column":null}},"31":{"start":{"line":61,"column":15},"end":{"line":61,"column":23}},"32":{"start":{"line":62,"column":19},"end":{"line":62,"column":25}},"33":{"start":{"line":62,"column":35},"end":{"line":62,"column":48}},"34":{"start":{"line":66,"column":2},"end":{"line":66,"column":null}},"35":{"start":{"line":65,"column":19},"end":{"line":65,"column":31}},"36":{"start":{"line":65,"column":41},"end":{"line":65,"column":53}},"37":{"start":{"line":70,"column":2},"end":{"line":70,"column":null}},"38":{"start":{"line":68,"column":20},"end":{"line":68,"column":28}},"39":{"start":{"line":68,"column":38},"end":{"line":68,"column":55}},"40":{"start":{"line":74,"column":2},"end":{"line":74,"column":null}},"41":{"start":{"line":72,"column":14},"end":{"line":72,"column":21}},"42":{"start":{"line":73,"column":18},"end":{"line":73,"column":23}},"43":{"start":{"line":73,"column":33},"end":{"line":73,"column":46}},"44":{"start":{"line":12,"column":13},"end":{"line":76,"column":null}},"45":{"start":{"line":12,"column":13},"end":{"line":12,"column":21}}},"fnMap":{"0":{"name":"(anonymous_3)","decl":{"start":{"line":14,"column":9},"end":{"line":14,"column":12}},"loc":{"start":{"line":14,"column":15},"end":{"line":14,"column":21}}},"1":{"name":"(anonymous_4)","decl":{"start":{"line":18,"column":9},"end":{"line":18,"column":12}},"loc":{"start":{"line":18,"column":15},"end":{"line":18,"column":21}}},"2":{"name":"(anonymous_5)","decl":{"start":{"line":22,"column":8},"end":{"line":22,"column":11}},"loc":{"start":{"line":22,"column":14},"end":{"line":22,"column":20}}},"3":{"name":"(anonymous_6)","decl":{"start":{"line":47,"column":8},"end":{"line":47,"column":11}},"loc":{"start":{"line":47,"column":14},"end":{"line":47,"column":21}}},"4":{"name":"(anonymous_7)","decl":{"start":{"line":51,"column":8},"end":{"line":51,"column":11}},"loc":{"start":{"line":51,"column":14},"end":{"line":51,"column":20}}},"5":{"name":"(anonymous_8)","decl":{"start":{"line":55,"column":14},"end":{"line":55,"column":17}},"loc":{"start":{"line":55,"column":20},"end":{"line":55,"column":27}}},"6":{"name":"(anonymous_9)","decl":{"start":{"line":55,"column":29},"end":{"line":55,"column":33}},"loc":{"start":{"line":55,"column":37},"end":{"line":55,"column":51}}},"7":{"name":"(anonymous_10)","decl":{"start":{"line":58,"column":13},"end":{"line":58,"column":16}},"loc":{"start":{"line":58,"column":19},"end":{"line":58,"column":34}}},"8":{"name":"(anonymous_11)","decl":{"start":{"line":58,"column":36},"end":{"line":58,"column":40}},"loc":{"start":{"line":58,"column":44},"end":{"line":58,"column":57}}},"9":{"name":"(anonymous_12)","decl":{"start":{"line":61,"column":9},"end":{"line":61,"column":12}},"loc":{"start":{"line":61,"column":15},"end":{"line":61,"column":23}}},"10":{"name":"(anonymous_13)","decl":{"start":{"line":62,"column":13},"end":{"line":62,"column":16}},"loc":{"start":{"line":62,"column":19},"end":{"line":62,"column":25}}},"11":{"name":"(anonymous_14)","decl":{"start":{"line":62,"column":27},"end":{"line":62,"column":31}},"loc":{"start":{"line":62,"column":35},"end":{"line":62,"column":48}}},"12":{"name":"(anonymous_15)","decl":{"start":{"line":65,"column":13},"end":{"line":65,"column":16}},"loc":{"start":{"line":65,"column":19},"end":{"line":65,"column":31}}},"13":{"name":"(anonymous_16)","decl":{"start":{"line":65,"column":33},"end":{"line":65,"column":37}},"loc":{"start":{"line":65,"column":41},"end":{"line":65,"column":53}}},"14":{"name":"(anonymous_17)","decl":{"start":{"line":68,"column":14},"end":{"line":68,"column":17}},"loc":{"start":{"line":68,"column":20},"end":{"line":68,"column":28}}},"15":{"name":"(anonymous_18)","decl":{"start":{"line":68,"column":30},"end":{"line":68,"column":34}},"loc":{"start":{"line":68,"column":38},"end":{"line":68,"column":55}}},"16":{"name":"(anonymous_19)","decl":{"start":{"line":72,"column":8},"end":{"line":72,"column":11}},"loc":{"start":{"line":72,"column":14},"end":{"line":72,"column":21}}},"17":{"name":"(anonymous_20)","decl":{"start":{"line":73,"column":12},"end":{"line":73,"column":15}},"loc":{"start":{"line":73,"column":18},"end":{"line":73,"column":23}}},"18":{"name":"(anonymous_21)","decl":{"start":{"line":73,"column":25},"end":{"line":73,"column":29}},"loc":{"start":{"line":73,"column":33},"end":{"line":73,"column":46}}}},"branchMap":{},"s":{"0":1,"1":1,"2":1,"3":1,"4":1,"5":1,"6":1,"7":1,"8":1,"9":1,"10":0,"11":1,"12":0,"13":1,"14":0,"15":1,"16":1,"17":1,"18":1,"19":1,"20":1,"21":0,"22":1,"23":0,"24":1,"25":0,"26":0,"27":1,"28":0,"29":0,"30":1,"31":0,"32":0,"33":0,"34":1,"35":0,"36":0,"37":1,"38":0,"39":0,"40":1,"41":0,"42":0,"43":0,"44":1,"45":1},"f":{"0":0,"1":0,"2":0,"3":0,"4":0,"5":0,"6":0,"7":0,"8":0,"9":0,"10":0,"11":0,"12":0,"13":0,"14":0,"15":0,"16":0,"17":0,"18":0},"b":{}}
,"C:\\Users\\Lenovo_NB\\Desktop\\ISA\\ISA-2020\\api\\src\\entities\\MedicineItem.ts": {"path":"C:\\Users\\Lenovo_NB\\Desktop\\ISA\\ISA-2020\\api\\src\\entities\\MedicineItem.ts","statementMap":{"0":{"start":{"line":1,"column":0},"end":{"line":1,"column":155}},"1":{"start":{"line":2,"column":0},"end":{"line":2,"column":58}},"2":{"start":{"line":3,"column":0},"end":{"line":3,"column":38}},"3":{"start":{"line":4,"column":0},"end":{"line":4,"column":46}},"4":{"start":{"line":5,"column":0},"end":{"line":5,"column":32}},"5":{"start":{"line":8,"column":0},"end":{"line":8,"column":44}},"6":{"start":{"line":12,"column":0},"end":{"line":52,"column":null}},"7":{"start":{"line":16,"column":2},"end":{"line":16,"column":null}},"8":{"start":{"line":14,"column":15},"end":{"line":14,"column":17}},"9":{"start":{"line":21,"column":2},"end":{"line":21,"column":null}},"10":{"start":{"line":18,"column":14},"end":{"line":18,"column":22}},"11":{"start":{"line":19,"column":19},"end":{"line":19,"column":27}},"12":{"start":{"line":19,"column":37},"end":{"line":19,"column":51}},"13":{"start":{"line":26,"column":2},"end":{"line":26,"column":null}},"14":{"start":{"line":23,"column":15},"end":{"line":23,"column":27}},"15":{"start":{"line":24,"column":19},"end":{"line":24,"column":31}},"16":{"start":{"line":24,"column":41},"end":{"line":24,"column":55}},"17":{"start":{"line":31,"column":2},"end":{"line":31,"column":null}},"18":{"start":{"line":28,"column":15},"end":{"line":28,"column":26}},"19":{"start":{"line":29,"column":17},"end":{"line":29,"column":28}},"20":{"start":{"line":35,"column":2},"end":{"line":35,"column":null}},"21":{"start":{"line":39,"column":2},"end":{"line":39,"column":null}},"22":{"start":{"line":44,"column":2},"end":{"line":44,"column":null}},"23":{"start":{"line":42,"column":14},"end":{"line":42,"column":20}},"24":{"start":{"line":48,"column":2},"end":{"line":48,"column":null}},"25":{"start":{"line":12,"column":13},"end":{"line":52,"column":null}},"26":{"start":{"line":12,"column":13},"end":{"line":12,"column":25}}},"fnMap":{"0":{"name":"(anonymous_2)","decl":{"start":{"line":14,"column":9},"end":{"line":14,"column":12}},"loc":{"start":{"line":14,"column":15},"end":{"line":14,"column":17}}},"1":{"name":"(anonymous_3)","decl":{"start":{"line":18,"column":8},"end":{"line":18,"column":11}},"loc":{"start":{"line":18,"column":14},"end":{"line":18,"column":22}}},"2":{"name":"(anonymous_4)","decl":{"start":{"line":19,"column":13},"end":{"line":19,"column":16}},"loc":{"start":{"line":19,"column":19},"end":{"line":19,"column":27}}},"3":{"name":"(anonymous_5)","decl":{"start":{"line":19,"column":29},"end":{"line":19,"column":33}},"loc":{"start":{"line":19,"column":37},"end":{"line":19,"column":51}}},"4":{"name":"(anonymous_6)","decl":{"start":{"line":23,"column":9},"end":{"line":23,"column":12}},"loc":{"start":{"line":23,"column":15},"end":{"line":23,"column":27}}},"5":{"name":"(anonymous_7)","decl":{"start":{"line":24,"column":13},"end":{"line":24,"column":16}},"loc":{"start":{"line":24,"column":19},"end":{"line":24,"column":31}}},"6":{"name":"(anonymous_8)","decl":{"start":{"line":24,"column":33},"end":{"line":24,"column":37}},"loc":{"start":{"line":24,"column":41},"end":{"line":24,"column":55}}},"7":{"name":"(anonymous_9)","decl":{"start":{"line":28,"column":9},"end":{"line":28,"column":12}},"loc":{"start":{"line":28,"column":15},"end":{"line":28,"column":26}}},"8":{"name":"(anonymous_10)","decl":{"start":{"line":29,"column":11},"end":{"line":29,"column":14}},"loc":{"start":{"line":29,"column":17},"end":{"line":29,"column":28}}},"9":{"name":"(anonymous_11)","decl":{"start":{"line":42,"column":8},"end":{"line":42,"column":11}},"loc":{"start":{"line":42,"column":14},"end":{"line":42,"column":20}}}},"branchMap":{},"s":{"0":1,"1":1,"2":1,"3":1,"4":1,"5":1,"6":1,"7":1,"8":0,"9":1,"10":0,"11":0,"12":0,"13":1,"14":0,"15":0,"16":0,"17":1,"18":0,"19":0,"20":1,"21":1,"22":1,"23":0,"24":1,"25":1,"26":1},"f":{"0":0,"1":0,"2":0,"3":0,"4":0,"5":0,"6":0,"7":0,"8":0,"9":0},"b":{}}
,"C:\\Users\\Lenovo_NB\\Desktop\\ISA\\ISA-2020\\api\\src\\entities\\MedicineList.ts": {"path":"C:\\Users\\Lenovo_NB\\Desktop\\ISA\\ISA-2020\\api\\src\\entities\\MedicineList.ts","statementMap":{"0":{"start":{"line":1,"column":0},"end":{"line":1,"column":164}},"1":{"start":{"line":2,"column":0},"end":{"line":2,"column":58}},"2":{"start":{"line":3,"column":0},"end":{"line":3,"column":46}},"3":{"start":{"line":4,"column":0},"end":{"line":4,"column":32}},"4":{"start":{"line":9,"column":0},"end":{"line":15,"column":null}},"5":{"start":{"line":13,"column":2},"end":{"line":13,"column":null}},"6":{"start":{"line":11,"column":14},"end":{"line":11,"column":28}},"7":{"start":{"line":12,"column":18},"end":{"line":12,"column":30}},"8":{"start":{"line":12,"column":44},"end":{"line":12,"column":57}},"9":{"start":{"line":9,"column":14},"end":{"line":15,"column":null}},"10":{"start":{"line":9,"column":14},"end":{"line":9,"column":26}}},"fnMap":{"0":{"name":"(anonymous_2)","decl":{"start":{"line":11,"column":8},"end":{"line":11,"column":11}},"loc":{"start":{"line":11,"column":14},"end":{"line":11,"column":28}}},"1":{"name":"(anonymous_3)","decl":{"start":{"line":12,"column":12},"end":{"line":12,"column":15}},"loc":{"start":{"line":12,"column":18},"end":{"line":12,"column":30}}},"2":{"name":"(anonymous_4)","decl":{"start":{"line":12,"column":32},"end":{"line":12,"column":40}},"loc":{"start":{"line":12,"column":44},"end":{"line":12,"column":57}}}},"branchMap":{},"s":{"0":1,"1":1,"2":1,"3":1,"4":1,"5":1,"6":0,"7":0,"8":0,"9":1,"10":1},"f":{"0":0,"1":0,"2":0},"b":{}}
,"C:\\Users\\Lenovo_NB\\Desktop\\ISA\\ISA-2020\\api\\src\\entities\\MedicineRequest.ts": {"path":"C:\\Users\\Lenovo_NB\\Desktop\\ISA\\ISA-2020\\api\\src\\entities\\MedicineRequest.ts","statementMap":{"0":{"start":{"line":1,"column":0},"end":{"line":1,"column":57}},"1":{"start":{"line":2,"column":0},"end":{"line":2,"column":64}},"2":{"start":{"line":3,"column":0},"end":{"line":3,"column":38}},"3":{"start":{"line":4,"column":0},"end":{"line":4,"column":107}},"4":{"start":{"line":5,"column":0},"end":{"line":5,"column":38}},"5":{"start":{"line":6,"column":0},"end":{"line":6,"column":38}},"6":{"start":{"line":10,"column":0},"end":{"line":39,"column":null}},"7":{"start":{"line":33,"column":2},"end":{"line":33,"column":25}},"8":{"start":{"line":37,"column":2},"end":{"line":37,"column":25}},"9":{"start":{"line":14,"column":2},"end":{"line":14,"column":null}},"10":{"start":{"line":12,"column":15},"end":{"line":12,"column":17}},"11":{"start":{"line":19,"column":2},"end":{"line":19,"column":null}},"12":{"start":{"line":16,"column":15},"end":{"line":16,"column":23}},"13":{"start":{"line":17,"column":19},"end":{"line":17,"column":27}},"14":{"start":{"line":17,"column":37},"end":{"line":17,"column":50}},"15":{"start":{"line":24,"column":2},"end":{"line":24,"column":null}},"16":{"start":{"line":21,"column":15},"end":{"line":21,"column":23}},"17":{"start":{"line":22,"column":19},"end":{"line":22,"column":27}},"18":{"start":{"line":22,"column":37},"end":{"line":22,"column":50}},"19":{"start":{"line":29,"column":2},"end":{"line":29,"column":null}},"20":{"start":{"line":26,"column":15},"end":{"line":26,"column":23}},"21":{"start":{"line":27,"column":19},"end":{"line":27,"column":27}},"22":{"start":{"line":27,"column":37},"end":{"line":27,"column":50}},"23":{"start":{"line":33,"column":2},"end":{"line":33,"column":null}},"24":{"start":{"line":31,"column":15},"end":{"line":31,"column":21}},"25":{"start":{"line":37,"column":2},"end":{"line":37,"column":null}},"26":{"start":{"line":35,"column":15},"end":{"line":35,"column":21}},"27":{"start":{"line":10,"column":13},"end":{"line":39,"column":null}},"28":{"start":{"line":10,"column":13},"end":{"line":10,"column":28}}},"fnMap":{"0":{"name":"(anonymous_2)","decl":{"start":{"line":10,"column":0},"end":{"line":10,"column":13}},"loc":{"start":{"line":10,"column":0},"end":{"line":39,"column":1}}},"1":{"name":"(anonymous_3)","decl":{"start":{"line":12,"column":9},"end":{"line":12,"column":12}},"loc":{"start":{"line":12,"column":15},"end":{"line":12,"column":17}}},"2":{"name":"(anonymous_4)","decl":{"start":{"line":16,"column":9},"end":{"line":16,"column":12}},"loc":{"start":{"line":16,"column":15},"end":{"line":16,"column":23}}},"3":{"name":"(anonymous_5)","decl":{"start":{"line":17,"column":13},"end":{"line":17,"column":16}},"loc":{"start":{"line":17,"column":19},"end":{"line":17,"column":27}}},"4":{"name":"(anonymous_6)","decl":{"start":{"line":17,"column":29},"end":{"line":17,"column":33}},"loc":{"start":{"line":17,"column":37},"end":{"line":17,"column":50}}},"5":{"name":"(anonymous_7)","decl":{"start":{"line":21,"column":9},"end":{"line":21,"column":12}},"loc":{"start":{"line":21,"column":15},"end":{"line":21,"column":23}}},"6":{"name":"(anonymous_8)","decl":{"start":{"line":22,"column":13},"end":{"line":22,"column":16}},"loc":{"start":{"line":22,"column":19},"end":{"line":22,"column":27}}},"7":{"name":"(anonymous_9)","decl":{"start":{"line":22,"column":29},"end":{"line":22,"column":33}},"loc":{"start":{"line":22,"column":37},"end":{"line":22,"column":50}}},"8":{"name":"(anonymous_10)","decl":{"start":{"line":26,"column":9},"end":{"line":26,"column":12}},"loc":{"start":{"line":26,"column":15},"end":{"line":26,"column":23}}},"9":{"name":"(anonymous_11)","decl":{"start":{"line":27,"column":13},"end":{"line":27,"column":16}},"loc":{"start":{"line":27,"column":19},"end":{"line":27,"column":27}}},"10":{"name":"(anonymous_12)","decl":{"start":{"line":27,"column":29},"end":{"line":27,"column":33}},"loc":{"start":{"line":27,"column":37},"end":{"line":27,"column":50}}},"11":{"name":"(anonymous_13)","decl":{"start":{"line":31,"column":9},"end":{"line":31,"column":12}},"loc":{"start":{"line":31,"column":15},"end":{"line":31,"column":21}}},"12":{"name":"(anonymous_14)","decl":{"start":{"line":35,"column":9},"end":{"line":35,"column":12}},"loc":{"start":{"line":35,"column":15},"end":{"line":35,"column":21}}}},"branchMap":{},"s":{"0":1,"1":1,"2":1,"3":1,"4":1,"5":1,"6":1,"7":0,"8":0,"9":1,"10":0,"11":1,"12":0,"13":0,"14":0,"15":1,"16":0,"17":0,"18":0,"19":1,"20":0,"21":0,"22":0,"23":1,"24":0,"25":1,"26":0,"27":1,"28":1},"f":{"0":0,"1":0,"2":0,"3":0,"4":0,"5":0,"6":0,"7":0,"8":0,"9":0,"10":0,"11":0,"12":0},"b":{}}
,"C:\\Users\\Lenovo_NB\\Desktop\\ISA\\ISA-2020\\api\\src\\entities\\Model.ts": {"path":"C:\\Users\\Lenovo_NB\\Desktop\\ISA\\ISA-2020\\api\\src\\entities\\Model.ts","statementMap":{"0":{"start":{"line":1,"column":0},"end":{"line":1,"column":195}},"1":{"start":{"line":2,"column":0},"end":{"line":2,"column":53}},"2":{"start":{"line":7,"column":0},"end":{"line":29,"column":null}},"3":{"start":{"line":26,"column":4},"end":{"line":26,"column":null}},"4":{"start":{"line":19,"column":2},"end":{"line":19,"column":25}},"5":{"start":{"line":23,"column":2},"end":{"line":23,"column":25}},"6":{"start":{"line":27,"column":4},"end":{"line":27,"column":null}},"7":{"start":{"line":11,"column":2},"end":{"line":11,"column":null}},"8":{"start":{"line":9,"column":15},"end":{"line":9,"column":17}},"9":{"start":{"line":15,"column":2},"end":{"line":15,"column":null}},"10":{"start":{"line":13,"column":15},"end":{"line":13,"column":17}},"11":{"start":{"line":19,"column":2},"end":{"line":19,"column":null}},"12":{"start":{"line":17,"column":15},"end":{"line":17,"column":21}},"13":{"start":{"line":23,"column":2},"end":{"line":23,"column":null}},"14":{"start":{"line":21,"column":15},"end":{"line":21,"column":21}},"15":{"start":{"line":7,"column":22},"end":{"line":29,"column":null}},"16":{"start":{"line":7,"column":22},"end":{"line":7,"column":27}}},"fnMap":{"0":{"name":"(anonymous_2)","decl":{"start":{"line":25,"column":2},"end":{"line":25,"column":14}},"loc":{"start":{"line":25,"column":34},"end":{"line":28,"column":3}}},"1":{"name":"(anonymous_3)","decl":{"start":{"line":9,"column":9},"end":{"line":9,"column":12}},"loc":{"start":{"line":9,"column":15},"end":{"line":9,"column":17}}},"2":{"name":"(anonymous_4)","decl":{"start":{"line":13,"column":9},"end":{"line":13,"column":12}},"loc":{"start":{"line":13,"column":15},"end":{"line":13,"column":17}}},"3":{"name":"(anonymous_5)","decl":{"start":{"line":17,"column":9},"end":{"line":17,"column":12}},"loc":{"start":{"line":17,"column":15},"end":{"line":17,"column":21}}},"4":{"name":"(anonymous_6)","decl":{"start":{"line":21,"column":9},"end":{"line":21,"column":12}},"loc":{"start":{"line":21,"column":15},"end":{"line":21,"column":21}}}},"branchMap":{},"s":{"0":1,"1":1,"2":1,"3":0,"4":0,"5":0,"6":0,"7":1,"8":0,"9":1,"10":0,"11":1,"12":0,"13":1,"14":0,"15":1,"16":1},"f":{"0":0,"1":0,"2":0,"3":0,"4":0},"b":{}}
,"C:\\Users\\Lenovo_NB\\Desktop\\ISA\\ISA-2020\\api\\src\\entities\\Patient.ts": {"path":"C:\\Users\\Lenovo_NB\\Desktop\\ISA\\ISA-2020\\api\\src\\entities\\Patient.ts","statementMap":{"0":{"start":{"line":1,"column":0},"end":{"line":1,"column":60}},"1":{"start":{"line":2,"column":0},"end":{"line":2,"column":null}},"2":{"start":{"line":12,"column":0},"end":{"line":12,"column":44}},"3":{"start":{"line":13,"column":0},"end":{"line":13,"column":40}},"4":{"start":{"line":14,"column":0},"end":{"line":14,"column":38}},"5":{"start":{"line":15,"column":0},"end":{"line":15,"column":38}},"6":{"start":{"line":16,"column":0},"end":{"line":16,"column":48}},"7":{"start":{"line":17,"column":0},"end":{"line":17,"column":46}},"8":{"start":{"line":18,"column":0},"end":{"line":18,"column":34}},"9":{"start":{"line":19,"column":0},"end":{"line":19,"column":44}},"10":{"start":{"line":20,"column":0},"end":{"line":20,"column":30}},"11":{"start":{"line":21,"column":0},"end":{"line":21,"column":26}},"12":{"start":{"line":25,"column":0},"end":{"line":70,"column":null}},"13":{"start":{"line":28,"column":2},"end":{"line":28,"column":null}},"14":{"start":{"line":26,"column":15},"end":{"line":26,"column":28}},"15":{"start":{"line":27,"column":19},"end":{"line":27,"column":30}},"16":{"start":{"line":27,"column":42},"end":{"line":27,"column":54}},"17":{"start":{"line":32,"column":2},"end":{"line":32,"column":null}},"18":{"start":{"line":30,"column":15},"end":{"line":30,"column":25}},"19":{"start":{"line":31,"column":20},"end":{"line":31,"column":28}},"20":{"start":{"line":31,"column":40},"end":{"line":31,"column":61}},"21":{"start":{"line":36,"column":2},"end":{"line":36,"column":null}},"22":{"start":{"line":34,"column":15},"end":{"line":34,"column":29}},"23":{"start":{"line":35,"column":19},"end":{"line":35,"column":31}},"24":{"start":{"line":35,"column":43},"end":{"line":35,"column":55}},"25":{"start":{"line":40,"column":2},"end":{"line":40,"column":null}},"26":{"start":{"line":38,"column":15},"end":{"line":38,"column":30}},"27":{"start":{"line":39,"column":19},"end":{"line":39,"column":32}},"28":{"start":{"line":39,"column":44},"end":{"line":39,"column":56}},"29":{"start":{"line":44,"column":2},"end":{"line":44,"column":null}},"30":{"start":{"line":42,"column":15},"end":{"line":42,"column":28}},"31":{"start":{"line":43,"column":18},"end":{"line":43,"column":29}},"32":{"start":{"line":43,"column":41},"end":{"line":43,"column":53}},"33":{"start":{"line":48,"column":2},"end":{"line":48,"column":null}},"34":{"start":{"line":46,"column":15},"end":{"line":46,"column":23}},"35":{"start":{"line":47,"column":19},"end":{"line":47,"column":25}},"36":{"start":{"line":47,"column":37},"end":{"line":47,"column":49}},"37":{"start":{"line":53,"column":2},"end":{"line":53,"column":null}},"38":{"start":{"line":50,"column":15},"end":{"line":50,"column":25}},"39":{"start":{"line":51,"column":20},"end":{"line":51,"column":28}},"40":{"start":{"line":51,"column":40},"end":{"line":51,"column":56}},"41":{"start":{"line":56,"column":2},"end":{"line":56,"column":null}},"42":{"start":{"line":55,"column":19},"end":{"line":55,"column":28}},"43":{"start":{"line":55,"column":40},"end":{"line":55,"column":52}},"44":{"start":{"line":60,"column":2},"end":{"line":60,"column":null}},"45":{"start":{"line":58,"column":15},"end":{"line":58,"column":19}},"46":{"start":{"line":59,"column":19},"end":{"line":59,"column":23}},"47":{"start":{"line":64,"column":2},"end":{"line":64,"column":null}},"48":{"start":{"line":68,"column":2},"end":{"line":68,"column":null}},"49":{"start":{"line":25,"column":21},"end":{"line":70,"column":null}},"50":{"start":{"line":25,"column":21},"end":{"line":25,"column":29}}},"fnMap":{"0":{"name":"(anonymous_3)","decl":{"start":{"line":26,"column":9},"end":{"line":26,"column":12}},"loc":{"start":{"line":26,"column":15},"end":{"line":26,"column":28}}},"1":{"name":"(anonymous_4)","decl":{"start":{"line":27,"column":13},"end":{"line":27,"column":16}},"loc":{"start":{"line":27,"column":19},"end":{"line":27,"column":30}}},"2":{"name":"(anonymous_5)","decl":{"start":{"line":27,"column":32},"end":{"line":27,"column":33}},"loc":{"start":{"line":27,"column":42},"end":{"line":27,"column":54}}},"3":{"name":"(anonymous_6)","decl":{"start":{"line":30,"column":9},"end":{"line":30,"column":12}},"loc":{"start":{"line":30,"column":15},"end":{"line":30,"column":25}}},"4":{"name":"(anonymous_7)","decl":{"start":{"line":31,"column":14},"end":{"line":31,"column":17}},"loc":{"start":{"line":31,"column":20},"end":{"line":31,"column":28}}},"5":{"name":"(anonymous_8)","decl":{"start":{"line":31,"column":30},"end":{"line":31,"column":31}},"loc":{"start":{"line":31,"column":40},"end":{"line":31,"column":61}}},"6":{"name":"(anonymous_9)","decl":{"start":{"line":34,"column":9},"end":{"line":34,"column":12}},"loc":{"start":{"line":34,"column":15},"end":{"line":34,"column":29}}},"7":{"name":"(anonymous_10)","decl":{"start":{"line":35,"column":13},"end":{"line":35,"column":16}},"loc":{"start":{"line":35,"column":19},"end":{"line":35,"column":31}}},"8":{"name":"(anonymous_11)","decl":{"start":{"line":35,"column":33},"end":{"line":35,"column":34}},"loc":{"start":{"line":35,"column":43},"end":{"line":35,"column":55}}},"9":{"name":"(anonymous_12)","decl":{"start":{"line":38,"column":9},"end":{"line":38,"column":12}},"loc":{"start":{"line":38,"column":15},"end":{"line":38,"column":30}}},"10":{"name":"(anonymous_13)","decl":{"start":{"line":39,"column":13},"end":{"line":39,"column":16}},"loc":{"start":{"line":39,"column":19},"end":{"line":39,"column":32}}},"11":{"name":"(anonymous_14)","decl":{"start":{"line":39,"column":34},"end":{"line":39,"column":35}},"loc":{"start":{"line":39,"column":44},"end":{"line":39,"column":56}}},"12":{"name":"(anonymous_15)","decl":{"start":{"line":42,"column":9},"end":{"line":42,"column":12}},"loc":{"start":{"line":42,"column":15},"end":{"line":42,"column":28}}},"13":{"name":"(anonymous_16)","decl":{"start":{"line":43,"column":12},"end":{"line":43,"column":15}},"loc":{"start":{"line":43,"column":18},"end":{"line":43,"column":29}}},"14":{"name":"(anonymous_17)","decl":{"start":{"line":43,"column":31},"end":{"line":43,"column":32}},"loc":{"start":{"line":43,"column":41},"end":{"line":43,"column":53}}},"15":{"name":"(anonymous_18)","decl":{"start":{"line":46,"column":9},"end":{"line":46,"column":12}},"loc":{"start":{"line":46,"column":15},"end":{"line":46,"column":23}}},"16":{"name":"(anonymous_19)","decl":{"start":{"line":47,"column":13},"end":{"line":47,"column":16}},"loc":{"start":{"line":47,"column":19},"end":{"line":47,"column":25}}},"17":{"name":"(anonymous_20)","decl":{"start":{"line":47,"column":27},"end":{"line":47,"column":28}},"loc":{"start":{"line":47,"column":37},"end":{"line":47,"column":49}}},"18":{"name":"(anonymous_21)","decl":{"start":{"line":50,"column":9},"end":{"line":50,"column":12}},"loc":{"start":{"line":50,"column":15},"end":{"line":50,"column":25}}},"19":{"name":"(anonymous_22)","decl":{"start":{"line":51,"column":14},"end":{"line":51,"column":17}},"loc":{"start":{"line":51,"column":20},"end":{"line":51,"column":28}}},"20":{"name":"(anonymous_23)","decl":{"start":{"line":51,"column":30},"end":{"line":51,"column":31}},"loc":{"start":{"line":51,"column":40},"end":{"line":51,"column":56}}},"21":{"name":"(anonymous_24)","decl":{"start":{"line":55,"column":13},"end":{"line":55,"column":16}},"loc":{"start":{"line":55,"column":19},"end":{"line":55,"column":28}}},"22":{"name":"(anonymous_25)","decl":{"start":{"line":55,"column":30},"end":{"line":55,"column":31}},"loc":{"start":{"line":55,"column":40},"end":{"line":55,"column":52}}},"23":{"name":"(anonymous_26)","decl":{"start":{"line":58,"column":9},"end":{"line":58,"column":12}},"loc":{"start":{"line":58,"column":15},"end":{"line":58,"column":19}}},"24":{"name":"(anonymous_27)","decl":{"start":{"line":59,"column":13},"end":{"line":59,"column":16}},"loc":{"start":{"line":59,"column":19},"end":{"line":59,"column":23}}}},"branchMap":{},"s":{"0":1,"1":1,"2":1,"3":1,"4":1,"5":1,"6":1,"7":1,"8":1,"9":1,"10":1,"11":1,"12":1,"13":1,"14":0,"15":0,"16":0,"17":1,"18":0,"19":0,"20":0,"21":1,"22":0,"23":0,"24":0,"25":1,"26":0,"27":0,"28":0,"29":1,"30":0,"31":0,"32":0,"33":1,"34":0,"35":0,"36":0,"37":1,"38":0,"39":0,"40":0,"41":1,"42":0,"43":0,"44":1,"45":0,"46":0,"47":1,"48":1,"49":1,"50":1},"f":{"0":0,"1":0,"2":0,"3":0,"4":0,"5":0,"6":0,"7":0,"8":0,"9":0,"10":0,"11":0,"12":0,"13":0,"14":0,"15":0,"16":0,"17":0,"18":0,"19":0,"20":0,"21":0,"22":0,"23":0,"24":0},"b":{}}
,"C:\\Users\\Lenovo_NB\\Desktop\\ISA\\ISA-2020\\api\\src\\entities\\Pharmacy.ts": {"path":"C:\\Users\\Lenovo_NB\\Desktop\\ISA\\ISA-2020\\api\\src\\entities\\Pharmacy.ts","statementMap":{"0":{"start":{"line":1,"column":0},"end":{"line":1,"column":64}},"1":{"start":{"line":2,"column":0},"end":{"line":2,"column":158}},"2":{"start":{"line":3,"column":0},"end":{"line":3,"column":36}},"3":{"start":{"line":4,"column":0},"end":{"line":4,"column":44}},"4":{"start":{"line":5,"column":0},"end":{"line":5,"column":64}},"5":{"start":{"line":6,"column":0},"end":{"line":6,"column":40}},"6":{"start":{"line":7,"column":0},"end":{"line":7,"column":48}},"7":{"start":{"line":8,"column":0},"end":{"line":8,"column":46}},"8":{"start":{"line":9,"column":0},"end":{"line":9,"column":40}},"9":{"start":{"line":10,"column":0},"end":{"line":10,"column":38}},"10":{"start":{"line":11,"column":0},"end":{"line":11,"column":52}},"11":{"start":{"line":12,"column":0},"end":{"line":12,"column":32}},"12":{"start":{"line":13,"column":0},"end":{"line":13,"column":34}},"13":{"start":{"line":14,"column":0},"end":{"line":14,"column":32}},"14":{"start":{"line":15,"column":0},"end":{"line":15,"column":34}},"15":{"start":{"line":16,"column":0},"end":{"line":16,"column":46}},"16":{"start":{"line":17,"column":0},"end":{"line":17,"column":44}},"17":{"start":{"line":21,"column":0},"end":{"line":87,"column":null}},"18":{"start":{"line":27,"column":2},"end":{"line":27,"column":null}},"19":{"start":{"line":24,"column":14},"end":{"line":24,"column":21}},"20":{"start":{"line":25,"column":18},"end":{"line":25,"column":25}},"21":{"start":{"line":25,"column":35},"end":{"line":25,"column":48}},"22":{"start":{"line":31,"column":2},"end":{"line":31,"column":null}},"23":{"start":{"line":36,"column":2},"end":{"line":36,"column":null}},"24":{"start":{"line":33,"column":15},"end":{"line":33,"column":24}},"25":{"start":{"line":34,"column":18},"end":{"line":34,"column":27}},"26":{"start":{"line":34,"column":37},"end":{"line":34,"column":50}},"27":{"start":{"line":40,"column":2},"end":{"line":40,"column":null}},"28":{"start":{"line":38,"column":15},"end":{"line":38,"column":22}},"29":{"start":{"line":39,"column":19},"end":{"line":39,"column":24}},"30":{"start":{"line":39,"column":34},"end":{"line":39,"column":47}},"31":{"start":{"line":44,"column":2},"end":{"line":44,"column":null}},"32":{"start":{"line":42,"column":15},"end":{"line":42,"column":25}},"33":{"start":{"line":43,"column":19},"end":{"line":43,"column":27}},"34":{"start":{"line":43,"column":37},"end":{"line":43,"column":50}},"35":{"start":{"line":48,"column":2},"end":{"line":48,"column":null}},"36":{"start":{"line":46,"column":15},"end":{"line":46,"column":38}},"37":{"start":{"line":47,"column":19},"end":{"line":47,"column":40}},"38":{"start":{"line":47,"column":50},"end":{"line":47,"column":63}},"39":{"start":{"line":52,"column":2},"end":{"line":52,"column":null}},"40":{"start":{"line":50,"column":15},"end":{"line":50,"column":32}},"41":{"start":{"line":51,"column":19},"end":{"line":51,"column":34}},"42":{"start":{"line":51,"column":44},"end":{"line":51,"column":57}},"43":{"start":{"line":55,"column":2},"end":{"line":55,"column":null}},"44":{"start":{"line":54,"column":19},"end":{"line":54,"column":31}},"45":{"start":{"line":54,"column":41},"end":{"line":54,"column":53}},"46":{"start":{"line":58,"column":2},"end":{"line":58,"column":null}},"47":{"start":{"line":57,"column":19},"end":{"line":57,"column":32}},"48":{"start":{"line":57,"column":42},"end":{"line":57,"column":54}},"49":{"start":{"line":61,"column":2},"end":{"line":61,"column":null}},"50":{"start":{"line":60,"column":18},"end":{"line":60,"column":30}},"51":{"start":{"line":60,"column":40},"end":{"line":60,"column":53}},"52":{"start":{"line":65,"column":2},"end":{"line":65,"column":null}},"53":{"start":{"line":63,"column":15},"end":{"line":63,"column":28}},"54":{"start":{"line":64,"column":19},"end":{"line":64,"column":30}},"55":{"start":{"line":64,"column":40},"end":{"line":64,"column":53}},"56":{"start":{"line":69,"column":2},"end":{"line":69,"column":null}},"57":{"start":{"line":67,"column":15},"end":{"line":67,"column":24}},"58":{"start":{"line":68,"column":20},"end":{"line":68,"column":27}},"59":{"start":{"line":68,"column":37},"end":{"line":68,"column":55}},"60":{"start":{"line":73,"column":2},"end":{"line":73,"column":null}},"61":{"start":{"line":71,"column":15},"end":{"line":71,"column":28}},"62":{"start":{"line":72,"column":19},"end":{"line":72,"column":30}},"63":{"start":{"line":72,"column":40},"end":{"line":72,"column":53}},"64":{"start":{"line":77,"column":2},"end":{"line":77,"column":null}},"65":{"start":{"line":75,"column":15},"end":{"line":75,"column":26}},"66":{"start":{"line":76,"column":19},"end":{"line":76,"column":28}},"67":{"start":{"line":76,"column":38},"end":{"line":76,"column":51}},"68":{"start":{"line":81,"column":2},"end":{"line":81,"column":null}},"69":{"start":{"line":79,"column":15},"end":{"line":79,"column":23}},"70":{"start":{"line":80,"column":19},"end":{"line":80,"column":25}},"71":{"start":{"line":80,"column":35},"end":{"line":80,"column":48}},"72":{"start":{"line":85,"column":2},"end":{"line":85,"column":null}},"73":{"start":{"line":21,"column":13},"end":{"line":87,"column":null}},"74":{"start":{"line":21,"column":13},"end":{"line":21,"column":21}}},"fnMap":{"0":{"name":"(anonymous_3)","decl":{"start":{"line":24,"column":8},"end":{"line":24,"column":11}},"loc":{"start":{"line":24,"column":14},"end":{"line":24,"column":21}}},"1":{"name":"(anonymous_4)","decl":{"start":{"line":25,"column":12},"end":{"line":25,"column":15}},"loc":{"start":{"line":25,"column":18},"end":{"line":25,"column":25}}},"2":{"name":"(anonymous_5)","decl":{"start":{"line":25,"column":27},"end":{"line":25,"column":31}},"loc":{"start":{"line":25,"column":35},"end":{"line":25,"column":48}}},"3":{"name":"(anonymous_6)","decl":{"start":{"line":33,"column":9},"end":{"line":33,"column":12}},"loc":{"start":{"line":33,"column":15},"end":{"line":33,"column":24}}},"4":{"name":"(anonymous_7)","decl":{"start":{"line":34,"column":12},"end":{"line":34,"column":15}},"loc":{"start":{"line":34,"column":18},"end":{"line":34,"column":27}}},"5":{"name":"(anonymous_8)","decl":{"start":{"line":34,"column":29},"end":{"line":34,"column":33}},"loc":{"start":{"line":34,"column":37},"end":{"line":34,"column":50}}},"6":{"name":"(anonymous_9)","decl":{"start":{"line":38,"column":9},"end":{"line":38,"column":12}},"loc":{"start":{"line":38,"column":15},"end":{"line":38,"column":22}}},"7":{"name":"(anonymous_10)","decl":{"start":{"line":39,"column":13},"end":{"line":39,"column":16}},"loc":{"start":{"line":39,"column":19},"end":{"line":39,"column":24}}},"8":{"name":"(anonymous_11)","decl":{"start":{"line":39,"column":26},"end":{"line":39,"column":30}},"loc":{"start":{"line":39,"column":34},"end":{"line":39,"column":47}}},"9":{"name":"(anonymous_12)","decl":{"start":{"line":42,"column":9},"end":{"line":42,"column":12}},"loc":{"start":{"line":42,"column":15},"end":{"line":42,"column":25}}},"10":{"name":"(anonymous_13)","decl":{"start":{"line":43,"column":13},"end":{"line":43,"column":16}},"loc":{"start":{"line":43,"column":19},"end":{"line":43,"column":27}}},"11":{"name":"(anonymous_14)","decl":{"start":{"line":43,"column":29},"end":{"line":43,"column":33}},"loc":{"start":{"line":43,"column":37},"end":{"line":43,"column":50}}},"12":{"name":"(anonymous_15)","decl":{"start":{"line":46,"column":9},"end":{"line":46,"column":12}},"loc":{"start":{"line":46,"column":15},"end":{"line":46,"column":38}}},"13":{"name":"(anonymous_16)","decl":{"start":{"line":47,"column":13},"end":{"line":47,"column":16}},"loc":{"start":{"line":47,"column":19},"end":{"line":47,"column":40}}},"14":{"name":"(anonymous_17)","decl":{"start":{"line":47,"column":42},"end":{"line":47,"column":46}},"loc":{"start":{"line":47,"column":50},"end":{"line":47,"column":63}}},"15":{"name":"(anonymous_18)","decl":{"start":{"line":50,"column":9},"end":{"line":50,"column":12}},"loc":{"start":{"line":50,"column":15},"end":{"line":50,"column":32}}},"16":{"name":"(anonymous_19)","decl":{"start":{"line":51,"column":13},"end":{"line":51,"column":16}},"loc":{"start":{"line":51,"column":19},"end":{"line":51,"column":34}}},"17":{"name":"(anonymous_20)","decl":{"start":{"line":51,"column":36},"end":{"line":51,"column":40}},"loc":{"start":{"line":51,"column":44},"end":{"line":51,"column":57}}},"18":{"name":"(anonymous_21)","decl":{"start":{"line":54,"column":13},"end":{"line":54,"column":16}},"loc":{"start":{"line":54,"column":19},"end":{"line":54,"column":31}}},"19":{"name":"(anonymous_22)","decl":{"start":{"line":54,"column":33},"end":{"line":54,"column":37}},"loc":{"start":{"line":54,"column":41},"end":{"line":54,"column":53}}},"20":{"name":"(anonymous_23)","decl":{"start":{"line":57,"column":13},"end":{"line":57,"column":16}},"loc":{"start":{"line":57,"column":19},"end":{"line":57,"column":32}}},"21":{"name":"(anonymous_24)","decl":{"start":{"line":57,"column":34},"end":{"line":57,"column":38}},"loc":{"start":{"line":57,"column":42},"end":{"line":57,"column":54}}},"22":{"name":"(anonymous_25)","decl":{"start":{"line":60,"column":12},"end":{"line":60,"column":15}},"loc":{"start":{"line":60,"column":18},"end":{"line":60,"column":30}}},"23":{"name":"(anonymous_26)","decl":{"start":{"line":60,"column":32},"end":{"line":60,"column":36}},"loc":{"start":{"line":60,"column":40},"end":{"line":60,"column":53}}},"24":{"name":"(anonymous_27)","decl":{"start":{"line":63,"column":9},"end":{"line":63,"column":12}},"loc":{"start":{"line":63,"column":15},"end":{"line":63,"column":28}}},"25":{"name":"(anonymous_28)","decl":{"start":{"line":64,"column":13},"end":{"line":64,"column":16}},"loc":{"start":{"line":64,"column":19},"end":{"line":64,"column":30}}},"26":{"name":"(anonymous_29)","decl":{"start":{"line":64,"column":32},"end":{"line":64,"column":36}},"loc":{"start":{"line":64,"column":40},"end":{"line":64,"column":53}}},"27":{"name":"(anonymous_30)","decl":{"start":{"line":67,"column":9},"end":{"line":67,"column":12}},"loc":{"start":{"line":67,"column":15},"end":{"line":67,"column":24}}},"28":{"name":"(anonymous_31)","decl":{"start":{"line":68,"column":14},"end":{"line":68,"column":17}},"loc":{"start":{"line":68,"column":20},"end":{"line":68,"column":27}}},"29":{"name":"(anonymous_32)","decl":{"start":{"line":68,"column":29},"end":{"line":68,"column":33}},"loc":{"start":{"line":68,"column":37},"end":{"line":68,"column":55}}},"30":{"name":"(anonymous_33)","decl":{"start":{"line":71,"column":9},"end":{"line":71,"column":12}},"loc":{"start":{"line":71,"column":15},"end":{"line":71,"column":28}}},"31":{"name":"(anonymous_34)","decl":{"start":{"line":72,"column":13},"end":{"line":72,"column":16}},"loc":{"start":{"line":72,"column":19},"end":{"line":72,"column":30}}},"32":{"name":"(anonymous_35)","decl":{"start":{"line":72,"column":32},"end":{"line":72,"column":36}},"loc":{"start":{"line":72,"column":40},"end":{"line":72,"column":53}}},"33":{"name":"(anonymous_36)","decl":{"start":{"line":75,"column":9},"end":{"line":75,"column":12}},"loc":{"start":{"line":75,"column":15},"end":{"line":75,"column":26}}},"34":{"name":"(anonymous_37)","decl":{"start":{"line":76,"column":13},"end":{"line":76,"column":16}},"loc":{"start":{"line":76,"column":19},"end":{"line":76,"column":28}}},"35":{"name":"(anonymous_38)","decl":{"start":{"line":76,"column":30},"end":{"line":76,"column":34}},"loc":{"start":{"line":76,"column":38},"end":{"line":76,"column":51}}},"36":{"name":"(anonymous_39)","decl":{"start":{"line":79,"column":9},"end":{"line":79,"column":12}},"loc":{"start":{"line":79,"column":15},"end":{"line":79,"column":23}}},"37":{"name":"(anonymous_40)","decl":{"start":{"line":80,"column":13},"end":{"line":80,"column":16}},"loc":{"start":{"line":80,"column":19},"end":{"line":80,"column":25}}},"38":{"name":"(anonymous_41)","decl":{"start":{"line":80,"column":27},"end":{"line":80,"column":31}},"loc":{"start":{"line":80,"column":35},"end":{"line":80,"column":48}}}},"branchMap":{},"s":{"0":1,"1":1,"2":1,"3":1,"4":1,"5":1,"6":1,"7":1,"8":1,"9":1,"10":1,"11":1,"12":1,"13":1,"14":1,"15":1,"16":1,"17":1,"18":1,"19":0,"20":0,"21":0,"22":1,"23":1,"24":0,"25":0,"26":0,"27":1,"28":0,"29":0,"30":0,"31":1,"32":0,"33":0,"34":0,"35":1,"36":0,"37":0,"38":0,"39":1,"40":0,"41":0,"42":0,"43":1,"44":0,"45":0,"46":1,"47":0,"48":0,"49":1,"50":0,"51":0,"52":1,"53":0,"54":0,"55":0,"56":1,"57":0,"58":0,"59":0,"60":1,"61":0,"62":0,"63":0,"64":1,"65":0,"66":0,"67":0,"68":1,"69":0,"70":0,"71":0,"72":1,"73":1,"74":1},"f":{"0":0,"1":0,"2":0,"3":0,"4":0,"5":0,"6":0,"7":0,"8":0,"9":0,"10":0,"11":0,"12":0,"13":0,"14":0,"15":0,"16":0,"17":0,"18":0,"19":0,"20":0,"21":0,"22":0,"23":0,"24":0,"25":0,"26":0,"27":0,"28":0,"29":0,"30":0,"31":0,"32":0,"33":0,"34":0,"35":0,"36":0,"37":0,"38":0},"b":{}}
,"C:\\Users\\Lenovo_NB\\Desktop\\ISA\\ISA-2020\\api\\src\\entities\\Prescription.ts": {"path":"C:\\Users\\Lenovo_NB\\Desktop\\ISA\\ISA-2020\\api\\src\\entities\\Prescription.ts","statementMap":{"0":{"start":{"line":1,"column":0},"end":{"line":1,"column":85}},"1":{"start":{"line":2,"column":0},"end":{"line":2,"column":49}},"2":{"start":{"line":3,"column":0},"end":{"line":3,"column":34}},"3":{"start":{"line":4,"column":0},"end":{"line":4,"column":46}},"4":{"start":{"line":5,"column":0},"end":{"line":5,"column":44}},"5":{"start":{"line":6,"column":0},"end":{"line":6,"column":38}},"6":{"start":{"line":10,"column":0},"end":{"line":40,"column":null}},"7":{"start":{"line":14,"column":2},"end":{"line":14,"column":null}},"8":{"start":{"line":12,"column":15},"end":{"line":12,"column":22}},"9":{"start":{"line":13,"column":19},"end":{"line":13,"column":26}},"10":{"start":{"line":18,"column":2},"end":{"line":18,"column":null}},"11":{"start":{"line":16,"column":15},"end":{"line":16,"column":23}},"12":{"start":{"line":17,"column":19},"end":{"line":17,"column":27}},"13":{"start":{"line":22,"column":2},"end":{"line":22,"column":null}},"14":{"start":{"line":20,"column":15},"end":{"line":20,"column":26}},"15":{"start":{"line":21,"column":18},"end":{"line":21,"column":29}},"16":{"start":{"line":21,"column":39},"end":{"line":21,"column":56}},"17":{"start":{"line":26,"column":2},"end":{"line":26,"column":null}},"18":{"start":{"line":30,"column":2},"end":{"line":30,"column":null}},"19":{"start":{"line":29,"column":16},"end":{"line":29,"column":23}},"20":{"start":{"line":34,"column":2},"end":{"line":34,"column":null}},"21":{"start":{"line":38,"column":2},"end":{"line":38,"column":null}},"22":{"start":{"line":36,"column":15},"end":{"line":36,"column":21}},"23":{"start":{"line":10,"column":13},"end":{"line":40,"column":null}},"24":{"start":{"line":10,"column":13},"end":{"line":10,"column":25}}},"fnMap":{"0":{"name":"(anonymous_3)","decl":{"start":{"line":12,"column":9},"end":{"line":12,"column":12}},"loc":{"start":{"line":12,"column":15},"end":{"line":12,"column":22}}},"1":{"name":"(anonymous_4)","decl":{"start":{"line":13,"column":13},"end":{"line":13,"column":16}},"loc":{"start":{"line":13,"column":19},"end":{"line":13,"column":26}}},"2":{"name":"(anonymous_5)","decl":{"start":{"line":16,"column":9},"end":{"line":16,"column":12}},"loc":{"start":{"line":16,"column":15},"end":{"line":16,"column":23}}},"3":{"name":"(anonymous_6)","decl":{"start":{"line":17,"column":13},"end":{"line":17,"column":16}},"loc":{"start":{"line":17,"column":19},"end":{"line":17,"column":27}}},"4":{"name":"(anonymous_7)","decl":{"start":{"line":20,"column":9},"end":{"line":20,"column":12}},"loc":{"start":{"line":20,"column":15},"end":{"line":20,"column":26}}},"5":{"name":"(anonymous_8)","decl":{"start":{"line":21,"column":12},"end":{"line":21,"column":15}},"loc":{"start":{"line":21,"column":18},"end":{"line":21,"column":29}}},"6":{"name":"(anonymous_9)","decl":{"start":{"line":21,"column":31},"end":{"line":21,"column":35}},"loc":{"start":{"line":21,"column":39},"end":{"line":21,"column":56}}},"7":{"name":"(anonymous_10)","decl":{"start":{"line":29,"column":10},"end":{"line":29,"column":13}},"loc":{"start":{"line":29,"column":16},"end":{"line":29,"column":23}}},"8":{"name":"(anonymous_11)","decl":{"start":{"line":36,"column":9},"end":{"line":36,"column":12}},"loc":{"start":{"line":36,"column":15},"end":{"line":36,"column":21}}}},"branchMap":{},"s":{"0":1,"1":1,"2":1,"3":1,"4":1,"5":1,"6":1,"7":1,"8":0,"9":0,"10":1,"11":0,"12":0,"13":1,"14":0,"15":0,"16":0,"17":1,"18":1,"19":0,"20":1,"21":1,"22":0,"23":1,"24":1},"f":{"0":0,"1":0,"2":0,"3":0,"4":0,"5":0,"6":0,"7":0,"8":0},"b":{}}
,"C:\\Users\\Lenovo_NB\\Desktop\\ISA\\ISA-2020\\api\\src\\entities\\Price.ts": {"path":"C:\\Users\\Lenovo_NB\\Desktop\\ISA\\ISA-2020\\api\\src\\entities\\Price.ts","statementMap":{"0":{"start":{"line":1,"column":0},"end":{"line":1,"column":64}},"1":{"start":{"line":2,"column":0},"end":{"line":2,"column":135}},"2":{"start":{"line":3,"column":0},"end":{"line":3,"column":39}},"3":{"start":{"line":4,"column":0},"end":{"line":4,"column":32}},"4":{"start":{"line":5,"column":0},"end":{"line":5,"column":38}},"5":{"start":{"line":9,"column":0},"end":{"line":30,"column":null}},"6":{"start":{"line":15,"column":2},"end":{"line":15,"column":null}},"7":{"start":{"line":12,"column":15},"end":{"line":12,"column":23}},"8":{"start":{"line":13,"column":19},"end":{"line":13,"column":27}},"9":{"start":{"line":13,"column":37},"end":{"line":13,"column":48}},"10":{"start":{"line":20,"column":2},"end":{"line":20,"column":null}},"11":{"start":{"line":17,"column":15},"end":{"line":17,"column":23}},"12":{"start":{"line":18,"column":19},"end":{"line":18,"column":27}},"13":{"start":{"line":18,"column":37},"end":{"line":18,"column":48}},"14":{"start":{"line":24,"column":2},"end":{"line":24,"column":null}},"15":{"start":{"line":28,"column":2},"end":{"line":28,"column":null}},"16":{"start":{"line":26,"column":15},"end":{"line":26,"column":21}},"17":{"start":{"line":9,"column":13},"end":{"line":30,"column":null}},"18":{"start":{"line":9,"column":13},"end":{"line":9,"column":18}}},"fnMap":{"0":{"name":"(anonymous_2)","decl":{"start":{"line":12,"column":9},"end":{"line":12,"column":12}},"loc":{"start":{"line":12,"column":15},"end":{"line":12,"column":23}}},"1":{"name":"(anonymous_3)","decl":{"start":{"line":13,"column":13},"end":{"line":13,"column":16}},"loc":{"start":{"line":13,"column":19},"end":{"line":13,"column":27}}},"2":{"name":"(anonymous_4)","decl":{"start":{"line":13,"column":29},"end":{"line":13,"column":33}},"loc":{"start":{"line":13,"column":37},"end":{"line":13,"column":48}}},"3":{"name":"(anonymous_5)","decl":{"start":{"line":17,"column":9},"end":{"line":17,"column":12}},"loc":{"start":{"line":17,"column":15},"end":{"line":17,"column":23}}},"4":{"name":"(anonymous_6)","decl":{"start":{"line":18,"column":13},"end":{"line":18,"column":16}},"loc":{"start":{"line":18,"column":19},"end":{"line":18,"column":27}}},"5":{"name":"(anonymous_7)","decl":{"start":{"line":18,"column":29},"end":{"line":18,"column":33}},"loc":{"start":{"line":18,"column":37},"end":{"line":18,"column":48}}},"6":{"name":"(anonymous_8)","decl":{"start":{"line":26,"column":9},"end":{"line":26,"column":12}},"loc":{"start":{"line":26,"column":15},"end":{"line":26,"column":21}}}},"branchMap":{},"s":{"0":1,"1":1,"2":1,"3":1,"4":1,"5":1,"6":1,"7":0,"8":0,"9":0,"10":1,"11":0,"12":0,"13":0,"14":1,"15":1,"16":0,"17":1,"18":1},"f":{"0":0,"1":0,"2":0,"3":0,"4":0,"5":0,"6":0},"b":{}}
,"C:\\Users\\Lenovo_NB\\Desktop\\ISA\\ISA-2020\\api\\src\\entities\\Rating.ts": {"path":"C:\\Users\\Lenovo_NB\\Desktop\\ISA\\ISA-2020\\api\\src\\entities\\Rating.ts","statementMap":{"0":{"start":{"line":1,"column":0},"end":{"line":1,"column":71}},"1":{"start":{"line":2,"column":0},"end":{"line":2,"column":123}},"2":{"start":{"line":3,"column":0},"end":{"line":3,"column":38}},"3":{"start":{"line":4,"column":0},"end":{"line":4,"column":32}},"4":{"start":{"line":5,"column":0},"end":{"line":5,"column":32}},"5":{"start":{"line":6,"column":0},"end":{"line":6,"column":38}},"6":{"start":{"line":7,"column":0},"end":{"line":7,"column":38}},"7":{"start":{"line":11,"column":0},"end":{"line":28,"column":null}},"8":{"start":{"line":14,"column":2},"end":{"line":14,"column":null}},"9":{"start":{"line":13,"column":19},"end":{"line":13,"column":26}},"10":{"start":{"line":17,"column":2},"end":{"line":17,"column":null}},"11":{"start":{"line":16,"column":19},"end":{"line":16,"column":27}},"12":{"start":{"line":20,"column":2},"end":{"line":20,"column":null}},"13":{"start":{"line":19,"column":19},"end":{"line":19,"column":27}},"14":{"start":{"line":23,"column":2},"end":{"line":23,"column":null}},"15":{"start":{"line":22,"column":19},"end":{"line":22,"column":27}},"16":{"start":{"line":27,"column":2},"end":{"line":27,"column":null}},"17":{"start":{"line":25,"column":14},"end":{"line":25,"column":19}},"18":{"start":{"line":11,"column":13},"end":{"line":28,"column":null}},"19":{"start":{"line":11,"column":13},"end":{"line":11,"column":19}}},"fnMap":{"0":{"name":"(anonymous_3)","decl":{"start":{"line":13,"column":13},"end":{"line":13,"column":16}},"loc":{"start":{"line":13,"column":19},"end":{"line":13,"column":26}}},"1":{"name":"(anonymous_4)","decl":{"start":{"line":16,"column":13},"end":{"line":16,"column":16}},"loc":{"start":{"line":16,"column":19},"end":{"line":16,"column":27}}},"2":{"name":"(anonymous_5)","decl":{"start":{"line":19,"column":13},"end":{"line":19,"column":16}},"loc":{"start":{"line":19,"column":19},"end":{"line":19,"column":27}}},"3":{"name":"(anonymous_6)","decl":{"start":{"line":22,"column":13},"end":{"line":22,"column":16}},"loc":{"start":{"line":22,"column":19},"end":{"line":22,"column":27}}},"4":{"name":"(anonymous_7)","decl":{"start":{"line":25,"column":8},"end":{"line":25,"column":11}},"loc":{"start":{"line":25,"column":14},"end":{"line":25,"column":19}}}},"branchMap":{},"s":{"0":1,"1":1,"2":1,"3":1,"4":1,"5":1,"6":1,"7":1,"8":1,"9":0,"10":1,"11":0,"12":1,"13":0,"14":1,"15":0,"16":1,"17":0,"18":1,"19":1},"f":{"0":0,"1":0,"2":0,"3":0,"4":0},"b":{}}
,"C:\\Users\\Lenovo_NB\\Desktop\\ISA\\ISA-2020\\api\\src\\entities\\Reservation.ts": {"path":"C:\\Users\\Lenovo_NB\\Desktop\\ISA\\ISA-2020\\api\\src\\entities\\Reservation.ts","statementMap":{"0":{"start":{"line":2,"column":0},"end":{"line":2,"column":57}},"1":{"start":{"line":3,"column":0},"end":{"line":3,"column":60}},"2":{"start":{"line":4,"column":0},"end":{"line":4,"column":32}},"3":{"start":{"line":5,"column":0},"end":{"line":5,"column":38}},"4":{"start":{"line":6,"column":0},"end":{"line":6,"column":46}},"5":{"start":{"line":7,"column":0},"end":{"line":7,"column":32}},"6":{"start":{"line":8,"column":0},"end":{"line":8,"column":77}},"7":{"start":{"line":12,"column":0},"end":{"line":44,"column":null}},"8":{"start":{"line":17,"column":2},"end":{"line":17,"column":null}},"9":{"start":{"line":14,"column":15},"end":{"line":14,"column":23}},"10":{"start":{"line":15,"column":19},"end":{"line":15,"column":27}},"11":{"start":{"line":15,"column":37},"end":{"line":15,"column":54}},"12":{"start":{"line":22,"column":2},"end":{"line":22,"column":null}},"13":{"start":{"line":19,"column":14},"end":{"line":19,"column":21}},"14":{"start":{"line":20,"column":19},"end":{"line":20,"column":26}},"15":{"start":{"line":20,"column":36},"end":{"line":20,"column":53}},"16":{"start":{"line":27,"column":2},"end":{"line":27,"column":null}},"17":{"start":{"line":24,"column":14},"end":{"line":24,"column":26}},"18":{"start":{"line":25,"column":18},"end":{"line":25,"column":30}},"19":{"start":{"line":25,"column":40},"end":{"line":25,"column":56}},"20":{"start":{"line":31,"column":2},"end":{"line":31,"column":null}},"21":{"start":{"line":29,"column":14},"end":{"line":29,"column":20}},"22":{"start":{"line":35,"column":2},"end":{"line":35,"column":null}},"23":{"start":{"line":33,"column":14},"end":{"line":33,"column":20}},"24":{"start":{"line":39,"column":2},"end":{"line":39,"column":null}},"25":{"start":{"line":43,"column":2},"end":{"line":43,"column":null}},"26":{"start":{"line":12,"column":13},"end":{"line":44,"column":null}},"27":{"start":{"line":12,"column":13},"end":{"line":12,"column":24}}},"fnMap":{"0":{"name":"(anonymous_3)","decl":{"start":{"line":14,"column":9},"end":{"line":14,"column":12}},"loc":{"start":{"line":14,"column":15},"end":{"line":14,"column":23}}},"1":{"name":"(anonymous_4)","decl":{"start":{"line":15,"column":13},"end":{"line":15,"column":16}},"loc":{"start":{"line":15,"column":19},"end":{"line":15,"column":27}}},"2":{"name":"(anonymous_5)","decl":{"start":{"line":15,"column":29},"end":{"line":15,"column":33}},"loc":{"start":{"line":15,"column":37},"end":{"line":15,"column":54}}},"3":{"name":"(anonymous_6)","decl":{"start":{"line":19,"column":8},"end":{"line":19,"column":11}},"loc":{"start":{"line":19,"column":14},"end":{"line":19,"column":21}}},"4":{"name":"(anonymous_7)","decl":{"start":{"line":20,"column":13},"end":{"line":20,"column":16}},"loc":{"start":{"line":20,"column":19},"end":{"line":20,"column":26}}},"5":{"name":"(anonymous_8)","decl":{"start":{"line":20,"column":28},"end":{"line":20,"column":32}},"loc":{"start":{"line":20,"column":36},"end":{"line":20,"column":53}}},"6":{"name":"(anonymous_9)","decl":{"start":{"line":24,"column":8},"end":{"line":24,"column":11}},"loc":{"start":{"line":24,"column":14},"end":{"line":24,"column":26}}},"7":{"name":"(anonymous_10)","decl":{"start":{"line":25,"column":12},"end":{"line":25,"column":15}},"loc":{"start":{"line":25,"column":18},"end":{"line":25,"column":30}}},"8":{"name":"(anonymous_11)","decl":{"start":{"line":25,"column":32},"end":{"line":25,"column":36}},"loc":{"start":{"line":25,"column":40},"end":{"line":25,"column":56}}},"9":{"name":"(anonymous_12)","decl":{"start":{"line":29,"column":8},"end":{"line":29,"column":11}},"loc":{"start":{"line":29,"column":14},"end":{"line":29,"column":20}
[...]
"line":66,"column":13},"end":{"line":73,"column":null}},"50":{"start":{"line":66,"column":13},"end":{"line":66,"column":27}},"51":{"start":{"line":76,"column":0},"end":{"line":97,"column":null}},"52":{"start":{"line":78,"column":2},"end":{"line":78,"column":null}},"53":{"start":{"line":80,"column":2},"end":{"line":80,"column":null}},"54":{"start":{"line":82,"column":2},"end":{"line":82,"column":null}},"55":{"start":{"line":84,"column":2},"end":{"line":84,"column":null}},"56":{"start":{"line":86,"column":2},"end":{"line":86,"column":null}},"57":{"start":{"line":88,"column":2},"end":{"line":88,"column":null}},"58":{"start":{"line":90,"column":2},"end":{"line":90,"column":null}},"59":{"start":{"line":92,"column":2},"end":{"line":92,"column":null}},"60":{"start":{"line":91,"column":15},"end":{"line":91,"column":27}},"61":{"start":{"line":94,"column":2},"end":{"line":94,"column":null}},"62":{"start":{"line":96,"column":2},"end":{"line":96,"column":null}},"63":{"start":{"line":76,"column":13},"end":{"line":97,"column":null}},"64":{"start":{"line":76,"column":13},"end":{"line":76,"column":22}},"65":{"start":{"line":100,"column":0},"end":{"line":107,"column":null}},"66":{"start":{"line":102,"column":2},"end":{"line":102,"column":null}},"67":{"start":{"line":104,"column":2},"end":{"line":104,"column":null}},"68":{"start":{"line":106,"column":2},"end":{"line":106,"column":null}},"69":{"start":{"line":100,"column":13},"end":{"line":107,"column":null}},"70":{"start":{"line":100,"column":13},"end":{"line":100,"column":25}},"71":{"start":{"line":110,"column":0},"end":{"line":117,"column":null}},"72":{"start":{"line":112,"column":2},"end":{"line":112,"column":null}},"73":{"start":{"line":114,"column":2},"end":{"line":114,"column":null}},"74":{"start":{"line":116,"column":2},"end":{"line":116,"column":null}},"75":{"start":{"line":115,"column":15},"end":{"line":115,"column":34}},"76":{"start":{"line":110,"column":13},"end":{"line":117,"column":null}},"77":{"start":{"line":110,"column":13},"end":{"line":110,"column":26}},"78":{"start":{"line":119,"column":0},"end":{"line":142,"column":null}},"79":{"start":{"line":121,"column":2},"end":{"line":121,"column":null}},"80":{"start":{"line":123,"column":2},"end":{"line":123,"column":null}},"81":{"start":{"line":125,"column":2},"end":{"line":125,"column":null}},"82":{"start":{"line":127,"column":2},"end":{"line":127,"column":null}},"83":{"start":{"line":126,"column":14},"end":{"line":126,"column":20}},"84":{"start":{"line":129,"column":2},"end":{"line":129,"column":null}},"85":{"start":{"line":131,"column":2},"end":{"line":131,"column":null}},"86":{"start":{"line":133,"column":2},"end":{"line":133,"column":null}},"87":{"start":{"line":135,"column":2},"end":{"line":135,"column":null}},"88":{"start":{"line":137,"column":2},"end":{"line":137,"column":null}},"89":{"start":{"line":136,"column":14},"end":{"line":136,"column":19}},"90":{"start":{"line":139,"column":2},"end":{"line":139,"column":null}},"91":{"start":{"line":138,"column":14},"end":{"line":138,"column":21}},"92":{"start":{"line":141,"column":2},"end":{"line":141,"column":null}},"93":{"start":{"line":140,"column":14},"end":{"line":140,"column":20}},"94":{"start":{"line":119,"column":13},"end":{"line":142,"column":null}},"95":{"start":{"line":119,"column":13},"end":{"line":119,"column":26}},"96":{"start":{"line":145,"column":0},"end":{"line":162,"column":null}},"97":{"start":{"line":147,"column":2},"end":{"line":147,"column":null}},"98":{"start":{"line":149,"column":2},"end":{"line":149,"column":null}},"99":{"start":{"line":151,"column":2},"end":{"line":151,"column":null}},"100":{"start":{"line":150,"column":15},"end":{"line":150,"column":28}},"101":{"start":{"line":153,"column":2},"end":{"line":153,"column":null}},"102":{"start":{"line":152,"column":14},"end":{"line":152,"column":28}},"103":{"start":{"line":155,"column":2},"end":{"line":155,"column":null}},"104":{"start":{"line":157,"column":2},"end":{"line":157,"column":null}},"105":{"start":{"line":159,"column":2},"end":{"line":159,"column":null}},"106":{"start":{"line":158,"column":14},"end":{"line":158,"column":20}},"107":{"start":{"line":161,"column":2},"end":{"line":161,"column":null}},"108":{"start":{"line":160,"column":14},"end":{"line":160,"column":20}},"109":{"start":{"line":145,"column":13},"end":{"line":162,"column":null}},"110":{"start":{"line":145,"column":13},"end":{"line":145,"column":30}},"111":{"start":{"line":166,"column":0},"end":{"line":191,"column":null}},"112":{"start":{"line":168,"column":2},"end":{"line":168,"column":null}},"113":{"start":{"line":170,"column":2},"end":{"line":170,"column":null}},"114":{"start":{"line":172,"column":2},"end":{"line":172,"column":null}},"115":{"start":{"line":174,"column":2},"end":{"line":174,"column":null}},"116":{"start":{"line":176,"column":2},"end":{"line":176,"column":null}},"117":{"start":{"line":178,"column":2},"end":{"line":178,"column":null}},"118":{"start":{"line":180,"column":2},"end":{"line":180,"column":null}},"119":{"start":{"line":182,"column":2},"end":{"line":182,"column":null}},"120":{"start":{"line":184,"column":2},"end":{"line":184,"column":null}},"121":{"start":{"line":186,"column":2},"end":{"line":186,"column":null}},"122":{"start":{"line":188,"column":2},"end":{"line":188,"column":null}},"123":{"start":{"line":190,"column":2},"end":{"line":190,"column":null}},"124":{"start":{"line":166,"column":13},"end":{"line":191,"column":null}},"125":{"start":{"line":166,"column":13},"end":{"line":166,"column":29}},"126":{"start":{"line":195,"column":0},"end":{"line":204,"column":null}},"127":{"start":{"line":197,"column":2},"end":{"line":197,"column":null}},"128":{"start":{"line":199,"column":2},"end":{"line":199,"column":null}},"129":{"start":{"line":201,"column":2},"end":{"line":201,"column":null}},"130":{"start":{"line":203,"column":2},"end":{"line":203,"column":null}},"131":{"start":{"line":195,"column":13},"end":{"line":204,"column":null}},"132":{"start":{"line":195,"column":13},"end":{"line":195,"column":30}},"133":{"start":{"line":206,"column":0},"end":{"line":224,"column":null}},"134":{"start":{"line":208,"column":2},"end":{"line":208,"column":null}},"135":{"start":{"line":207,"column":15},"end":{"line":207,"column":21}},"136":{"start":{"line":211,"column":2},"end":{"line":211,"column":null}},"137":{"start":{"line":210,"column":15},"end":{"line":210,"column":28}},"138":{"start":{"line":214,"column":2},"end":{"line":214,"column":null}},"139":{"start":{"line":213,"column":15},"end":{"line":213,"column":21}},"140":{"start":{"line":217,"column":2},"end":{"line":217,"column":null}},"141":{"start":{"line":216,"column":15},"end":{"line":216,"column":21}},"142":{"start":{"line":220,"column":2},"end":{"line":220,"column":null}},"143":{"start":{"line":223,"column":2},"end":{"line":223,"column":null}},"144":{"start":{"line":206,"column":13},"end":{"line":224,"column":null}},"145":{"start":{"line":206,"column":13},"end":{"line":206,"column":25}},"146":{"start":{"line":227,"column":0},"end":{"line":242,"column":null}},"147":{"start":{"line":229,"column":2},"end":{"line":229,"column":null}},"148":{"start":{"line":228,"column":14},"end":{"line":228,"column":26}},"149":{"start":{"line":232,"column":2},"end":{"line":232,"column":null}},"150":{"start":{"line":231,"column":15},"end":{"line":231,"column":28}},"151":{"start":{"line":235,"column":2},"end":{"line":235,"column":null}},"152":{"start":{"line":234,"column":15},"end":{"line":234,"column":28}},"153":{"start":{"line":238,"column":2},"end":{"line":238,"column":null}},"154":{"start":{"line":237,"column":15},"end":{"line":237,"column":28}},"155":{"start":{"line":241,"column":2},"end":{"line":241,"column":null}},"156":{"start":{"line":240,"column":15},"end":{"line":240,"column":20}},"157":{"start":{"line":227,"column":13},"end":{"line":242,"column":null}},"158":{"start":{"line":227,"column":13},"end":{"line":227,"column":24}},"159":{"start":{"line":244,"column":0},"end":{"line":250,"column":null}},"160":{"start":{"line":246,"column":2},"end":{"line":246,"column":null}},"161":{"start":{"line":245,"column":14},"end":{"line":245,"column":26}},"162":{"start":{"line":249,"column":2},"end":{"line":249,"column":null}},"163":{"start":{"line":248,"column":15},"end":{"line":248,"column":28}},"164":{"start":{"line":244,"column":13},"end":{"line":250,"column":null}},"165":{"start":{"line":244,"column":13},"end":{"line":244,"column":30}},"166":{"start":{"line":255,"column":0},"end":{"line":267,"column":null}},"167":{"start":{"line":257,"column":2},"end":{"line":257,"column":null}},"168":{"start":{"line":256,"column":14},"end":{"line":256,"column":31}},"169":{"start":{"line":260,"column":2},"end":{"line":260,"column":null}},"170":{"start":{"line":259,"column":15},"end":{"line":259,"column":28}},"171":{"start":{"line":263,"column":2},"end":{"line":263,"column":null}},"172":{"start":{"line":266,"column":2},"end":{"line":266,"column":null}},"173":{"start":{"line":255,"column":13},"end":{"line":267,"column":null}},"174":{"start":{"line":255,"column":13},"end":{"line":255,"column":23}},"175":{"start":{"line":271,"column":0},"end":{"line":283,"column":null}},"176":{"start":{"line":273,"column":2},"end":{"line":273,"column":null}},"177":{"start":{"line":272,"column":14},"end":{"line":272,"column":26}},"178":{"start":{"line":276,"column":2},"end":{"line":276,"column":null}},"179":{"start":{"line":275,"column":15},"end":{"line":275,"column":28}},"180":{"start":{"line":279,"column":2},"end":{"line":279,"column":null}},"181":{"start":{"line":278,"column":15},"end":{"line":278,"column":28}},"182":{"start":{"line":282,"column":2},"end":{"line":282,"column":null}},"183":{"start":{"line":271,"column":13},"end":{"line":283,"column":null}},"184":{"start":{"line":271,"column":13},"end":{"line":271,"column":27}},"185":{"start":{"line":286,"column":0},"end":{"line":299,"column":null}},"186":{"start":{"line":288,"column":2},"end":{"line":288,"column":null}},"187":{"start":{"line":287,"column":14},"end":{"line":287,"column":20}},"188":{"start":{"line":290,"column":2},"end":{"line":290,"column":null}},"189":{"start":{"line":289,"column":14},"end":{"line":289,"column":20}},"190":{"start":{"line":292,"column":2},"end":{"line":292,"column":null}},"191":{"start":{"line":291,"column":14},"end":{"line":291,"column":20}},"192":{"start":{"line":294,"column":2},"end":{"line":294,"column":null}},"193":{"start":{"line":293,"column":14},"end":{"line":293,"column":20}},"194":{"start":{"line":296,"column":2},"end":{"line":296,"column":null}},"195":{"start":{"line":295,"column":14},"end":{"line":295,"column":20}},"196":{"start":{"line":298,"column":2},"end":{"line":298,"column":null}},"197":{"start":{"line":297,"column":14},"end":{"line":297,"column":20}},"198":{"start":{"line":286,"column":13},"end":{"line":299,"column":null}},"199":{"start":{"line":286,"column":13},"end":{"line":286,"column":29}}},"fnMap":{"0":{"name":"(anonymous_3)","decl":{"start":{"line":9,"column":9},"end":{"line":9,"column":12}},"loc":{"start":{"line":9,"column":15},"end":{"line":9,"column":21}}},"1":{"name":"(anonymous_4)","decl":{"start":{"line":12,"column":9},"end":{"line":12,"column":12}},"loc":{"start":{"line":12,"column":15},"end":{"line":12,"column":27}}},"2":{"name":"(anonymous_5)","decl":{"start":{"line":15,"column":9},"end":{"line":15,"column":12}},"loc":{"start":{"line":15,"column":15},"end":{"line":15,"column":23}}},"3":{"name":"(anonymous_6)","decl":{"start":{"line":21,"column":9},"end":{"line":21,"column":12}},"loc":{"start":{"line":21,"column":15},"end":{"line":21,"column":21}}},"4":{"name":"(anonymous_7)","decl":{"start":{"line":24,"column":9},"end":{"line":24,"column":12}},"loc":{"start":{"line":24,"column":15},"end":{"line":24,"column":27}}},"5":{"name":"(anonymous_8)","decl":{"start":{"line":27,"column":9},"end":{"line":27,"column":12}},"loc":{"start":{"line":27,"column":15},"end":{"line":27,"column":19}}},"6":{"name":"(anonymous_9)","decl":{"start":{"line":34,"column":9},"end":{"line":34,"column":12}},"loc":{"start":{"line":34,"column":15},"end":{"line":34,"column":21}}},"7":{"name":"(anonymous_10)","decl":{"start":{"line":37,"column":9},"end":{"line":37,"column":12}},"loc":{"start":{"line":37,"column":15},"end":{"line":37,"column":27}}},"8":{"name":"(anonymous_11)","decl":{"start":{"line":40,"column":9},"end":{"line":40,"column":12}},"loc":{"start":{"line":40,"column":15},"end":{"line":40,"column":22}}},"9":{"name":"(anonymous_12)","decl":{"start":{"line":67,"column":9},"end":{"line":67,"column":12}},"loc":{"start":{"line":67,"column":15},"end":{"line":67,"column":34}}},"10":{"name":"(anonymous_13)","decl":{"start":{"line":91,"column":9},"end":{"line":91,"column":12}},"loc":{"start":{"line":91,"column":15},"end":{"line":91,"column":27}}},"11":{"name":"(anonymous_14)","decl":{"start":{"line":115,"column":9},"end":{"line":115,"column":12}},"loc":{"start":{"line":115,"column":15},"end":{"line":115,"column":34}}},"12":{"name":"(anonymous_15)","decl":{"start":{"line":126,"column":8},"end":{"line":126,"column":11}},"loc":{"start":{"line":126,"column":14},"end":{"line":126,"column":20}}},"13":{"name":"(anonymous_16)","decl":{"start":{"line":136,"column":8},"end":{"line":136,"column":11}},"loc":{"start":{"line":136,"column":14},"end":{"line":136,"column":19}}},"14":{"name":"(anonymous_17)","decl":{"start":{"line":138,"column":8},"end":{"line":138,"column":11}},"loc":{"start":{"line":138,"column":14},"end":{"line":138,"column":21}}},"15":{"name":"(anonymous_18)","decl":{"start":{"line":140,"column":8},"end":{"line":140,"column":11}},"loc":{"start":{"line":140,"column":14},"end":{"line":140,"column":20}}},"16":{"name":"(anonymous_19)","decl":{"start":{"line":150,"column":9},"end":{"line":150,"column":12}},"loc":{"start":{"line":150,"column":15},"end":{"line":150,"column":28}}},"17":{"name":"(anonymous_20)","decl":{"start":{"line":152,"column":8},"end":{"line":152,"column":11}},"loc":{"start":{"line":152,"column":14},"end":{"line":152,"column":28}}},"18":{"name":"(anonymous_21)","decl":{"start":{"line":158,"column":8},"end":{"line":158,"column":11}},"loc":{"start":{"line":158,"column":14},"end":{"line":158,"column":20}}},"19":{"name":"(anonymous_22)","decl":{"start":{"line":160,"column":8},"end":{"line":160,"column":11}},"loc":{"start":{"line":160,"column":14},"end":{"line":160,"column":20}}},"20":{"name":"(anonymous_23)","decl":{"start":{"line":207,"column":9},"end":{"line":207,"column":12}},"loc":{"start":{"line":207,"column":15},"end":{"line":207,"column":21}}},"21":{"name":"(anonymous_24)","decl":{"start":{"line":210,"column":9},"end":{"line":210,"column":12}},"loc":{"start":{"line":210,"column":15},"end":{"line":210,"column":28}}},"22":{"name":"(anonymous_25)","decl":{"start":{"line":213,"column":9},"end":{"line":213,"column":12}},"loc":{"start":{"line":213,"column":15},"end":{"line":213,"column":21}}},"23":{"name":"(anonymous_26)","decl":{"start":{"line":216,"column":9},"end":{"line":216,"column":12}},"loc":{"start":{"line":216,"column":15},"end":{"line":216,"column":21}}},"24":{"name":"(anonymous_27)","decl":{"start":{"line":228,"column":8},"end":{"line":228,"column":11}},"loc":{"start":{"line":228,"column":14},"end":{"line":228,"column":26}}},"25":{"name":"(anonymous_28)","decl":{"start":{"line":231,"column":9},"end":{"line":231,"column":12}},"loc":{"start":{"line":231,"column":15},"end":{"line":231,"column":28}}},"26":{"name":"(anonymous_29)","decl":{"start":{"line":234,"column":9},"end":{"line":234,"column":12}},"loc":{"start":{"line":234,"column":15},"end":{"line":234,"column":28}}},"27":{"name":"(anonymous_30)","decl":{"start":{"line":237,"column":9},"end":{"line":237,"column":12}},"loc":{"start":{"line":237,"column":15},"end":{"line":237,"column":28}}},"28":{"name":"(anonymous_31)","decl":{"start":{"line":240,"column":9},"end":{"line":240,"column":12}},"loc":{"start":{"line":240,"column":15},"end":{"line":240,"column":20}}},"29":{"name":"(anonymous_32)","decl":{"start":{"line":245,"column":8},"end":{"line":245,"column":11}},"loc":{"start":{"line":245,"column":14},"end":{"line":245,"column":26}}},"30":{"name":"(anonymous_33)","decl":{"start":{"line":248,"column":9},"end":{"line":248,"column":12}},"loc":{"start":{"line":248,"column":15},"end":{"line":248,"column":28}}},"31":{"name":"(anonymous_34)","decl":{"start":{"line":256,"column":8},"end":{"line":256,"column":11}},"loc":{"start":{"line":256,"column":14},"end":{"line":256,"column":31}}},"32":{"name":"(anonymous_35)","decl":{"start":{"line":259,"column":9},"end":{"line":259,"column":12}},"loc":{"start":{"line":259,"column":15},"end":{"line":259,"column":28}}},"33":{"name":"(anonymous_36)","decl":{"start":{"line":272,"column":8},"end":{"line":272,"column":11}},"loc":{"start":{"line":272,"column":14},"end":{"line":272,"column":26}}},"34":{"name":"(anonymous_37)","decl":{"start":{"line":275,"column":9},"end":{"line":275,"column":12}},"loc":{"start":{"line":275,"column":15},"end":{"line":275,"column":28}}},"35":{"name":"(anonymous_38)","decl":{"start":{"line":278,"column":9},"end":{"line":278,"column":12}},"loc":{"start":{"line":278,"column":15},"end":{"line":278,"column":28}}},"36":{"name":"(anonymous_39)","decl":{"start":{"line":287,"column":8},"end":{"line":287,"column":11}},"loc":{"start":{"line":287,"column":14},"end":{"line":287,"column":20}}},"37":{"name":"(anonymous_40)","decl":{"start":{"line":289,"column":8},"end":{"line":289,"column":11}},"loc":{"start":{"line":289,"column":14},"end":{"line":289,"column":20}}},"38":{"name":"(anonymous_41)","decl":{"start":{"line":291,"column":8},"end":{"line":291,"column":11}},"loc":{"start":{"line":291,"column":14},"end":{"line":291,"column":20}}},"39":{"name":"(anonymous_42)","decl":{"start":{"line":293,"column":8},"end":{"line":293,"column":11}},"loc":{"start":{"line":293,"column":14},"end":{"line":293,"column":20}}},"40":{"name":"(anonymous_43)","decl":{"start":{"line":295,"column":8},"end":{"line":295,"column":11}},"loc":{"start":{"line":295,"column":14},"end":{"line":295,"column":20}}},"41":{"name":"(anonymous_44)","decl":{"start":{"line":297,"column":8},"end":{"line":297,"column":11}},"loc":{"start":{"line":297,"column":14},"end":{"line":297,"column":20}}}},"branchMap":{},"s":{"0":1,"1":1,"2":1,"3":1,"4":1,"5":1,"6":1,"7":0,"8":1,"9":0,"10":1,"11":0,"12":1,"13":1,"14":1,"15":1,"16":0,"17":1,"18":0,"19":1,"20":0,"21":1,"22":1,"23":1,"24":1,"25":0,"26":1,"27":0,"28":1,"29":0,"30":1,"31":1,"32":1,"33":1,"34":1,"35":1,"36":1,"37":1,"38":1,"39":1,"40":1,"41":1,"42":1,"43":1,"44":1,"45":1,"46":0,"47":1,"48":1,"49":1,"50":1,"51":1,"52":1,"53":1,"54":1,"55":1,"56":1,"57":1,"58":1,"59":1,"60":0,"61":1,"62":1,"63":1,"64":1,"65":1,"66":1,"67":1,"68":1,"69":1,"70":1,"71":1,"72":1,"73":1,"74":1,"75":0,"76":1,"77":1,"78":1,"79":1,"80":1,"81":1,"82":1,"83":0,"84":1,"85":1,"86":1,"87":1,"88":1,"89":0,"90":1,"91":0,"92":1,"93":0,"94":1,"95":1,"96":1,"97":1,"98":1,"99":1,"100":0,"101":1,"102":0,"103":1,"104":1,"105":1,"106":0,"107":1,"108":0,"109":1,"110":1,"111":1,"112":1,"113":1,"114":1,"115":1,"116":1,"117":1,"118":1,"119":1,"120":1,"121":1,"122":1,"123":1,"124":1,"125":1,"126":1,"127":1,"128":1,"129":1,"130":1,"131":1,"132":1,"133":1,"134":1,"135":0,"136":1,"137":0,"138":1,"139":0,"140":1,"141":0,"142":1,"143":1,"144":1,"145":1,"146":1,"147":1,"148":0,"149":1,"150":0,"151":1,"152":0,"153":1,"154":0,"155":1,"156":0,"157":1,"158":1,"159":1,"160":1,"161":0,"162":1,"163":0,"164":1,"165":1,"166":1,"167":1,"168":0,"169":1,"170":0,"171":1,"172":1,"173":1,"174":1,"175":1,"176":1,"177":0,"178":1,"179":0,"180":1,"181":0,"182":1,"183":1,"184":1,"185":1,"186":1,"187":0,"188":1,"189":0,"190":1,"191":0,"192":1,"193":0,"194":1,"195":0,"196":1,"197":0,"198":1,"199":1},"f":{"0":0,"1":0,"2":0,"3":0,"4":0,"5":0,"6":0,"7":0,"8":0,"9":0,"10":0,"11":0,"12":0,"13":0,"14":0,"15":0,"16":0,"17":0,"18":0,"19":0,"20":0,"21":0,"22":0,"23":0,"24":0,"25":0,"26":0,"27":0,"28":0,"29":0,"30":0,"31":0,"32":0,"33":0,"34":0,"35":0,"36":0,"37":0,"38":0,"39":0,"40":0,"41":0},"b":{}}
}
