TN:
SF:src\entities\Address.ts
FN:11,(anonymous_3)
FN:11,(anonymous_4)
FN:15,(anonymous_5)
FNF:3
FNH:0
FNDA:0,(anonymous_3)
FNDA:0,(anonymous_4)
FNDA:0,(anonymous_5)
DA:1,1
DA:2,1
DA:3,1
DA:4,1
DA:5,1
DA:9,1
DA:11,0
DA:12,1
DA:15,0
DA:16,1
DA:20,1
DA:24,1
DA:28,1
DA:32,1
DA:36,1
LF:15
LH:13
BRF:0
BRH:0
end_of_record
TN:
SF:src\entities\Appointment.ts
FN:13,(anonymous_3)
FN:14,(anonymous_4)
FN:14,(anonymous_5)
FN:18,(anonymous_6)
FN:19,(anonymous_7)
FN:19,(anonymous_8)
FN:23,(anonymous_9)
FN:24,(anonymous_10)
FN:24,(anonymous_11)
FN:28,(anonymous_12)
FN:29,(anonymous_13)
FN:29,(anonymous_14)
FN:57,(anonymous_15)
FN:61,(anonymous_16)
FNF:14
FNH:0
FNDA:0,(anonymous_3)
FNDA:0,(anonymous_4)
FNDA:0,(anonymous_5)
FNDA:0,(anonymous_6)
FNDA:0,(anonymous_7)
FNDA:0,(anonymous_8)
FNDA:0,(anonymous_9)
FNDA:0,(anonymous_10)
FNDA:0,(anonymous_11)
FNDA:0,(anonymous_12)
FNDA:0,(anonymous_13)
FNDA:0,(anonymous_14)
FNDA:0,(anonymous_15)
FNDA:0,(anonymous_16)
DA:1,1
DA:2,1
DA:3,1
DA:4,1
DA:5,1
DA:6,1
DA:7,1
DA:11,1
DA:13,0
DA:14,0
DA:16,1
DA:18,0
DA:19,0
DA:21,1
DA:23,0
DA:24,0
DA:26,1
DA:28,0
DA:29,0
DA:31,1
DA:35,1
DA:39,1
DA:43,1
DA:47,1
DA:51,1
DA:55,1
DA:57,0
DA:59,1
DA:61,0
DA:63,1
LF:30
LH:20
BRF:0
BRH:0
end_of_record
TN:
SF:src\entities\AppointmentDefinition.ts
FN:26,(anonymous_2)
FN:27,(anonymous_3)
FN:27,(anonymous_4)
FNF:3
FNH:0
FNDA:0,(anonymous_2)
FNDA:0,(anonymous_3)
FNDA:0,(anonymous_4)
DA:1,1
DA:2,1
DA:3,1
DA:4,1
DA:9,1
DA:12,1
DA:16,1
DA:20,1
DA:24,1
DA:26,0
DA:27,0
DA:29,1
LF:12
LH:10
BRF:0
BRH:0
end_of_record
TN:
SF:src\entities\Complaint.ts
FN:12,(anonymous_3)
FN:13,(anonymous_4)
FN:13,(anonymous_5)
FN:17,(anonymous_6)
FN:18,(anonymous_7)
FN:18,(anonymous_8)
FN:22,(anonymous_9)
FN:23,(anonymous_10)
FN:23,(anonymous_11)
FNF:9
FNH:0
FNDA:0,(anonymous_3)
FNDA:0,(anonymous_4)
FNDA:0,(anonymous_5)
FNDA:0,(anonymous_6)
FNDA:0,(anonymous_7)
FNDA:0,(anonymous_8)
FNDA:0,(anonymous_9)
FNDA:0,(anonymous_10)
FNDA:0,(anonymous_11)
DA:1,1
DA:2,1
DA:3,1
DA:4,1
DA:5,1
DA:6,1
DA:10,1
DA:12,0
DA:13,0
DA:15,1
DA:17,0
DA:18,0
DA:20,1
DA:22,0
DA:23,0
DA:25,1
DA:29,1
LF:17
LH:11
BRF:0
BRH:0
end_of_record
TN:
SF:src\entities\EPrescription.ts
FN:16,(anonymous_3)
FN:17,(anonymous_4)
FN:20,(anonymous_5)
FN:21,(anonymous_6)
FNF:4
FNH:0
FNDA:0,(anonymous_3)
FNDA:0,(anonymous_4)
FNDA:0,(anonymous_5)
FNDA:0,(anonymous_6)
DA:1,1
DA:2,1
DA:3,1
DA:5,1
DA:6,1
DA:8,1
DA:14,1
DA:16,0
DA:17,0
DA:18,1
DA:20,0
DA:21,0
DA:22,1
DA:26,1
DA:30,1
DA:34,1
LF:16
LH:12
BRF:0
BRH:0
end_of_record
TN:
SF:src\entities\Employee.ts
FN:16,(anonymous_3)
FN:17,(anonymous_4)
FN:17,(anonymous_5)
FN:20,(anonymous_6)
FN:21,(anonymous_7)
FN:21,(anonymous_8)
FN:24,(anonymous_9)
FN:24,(anonymous_10)
FN:27,(anonymous_11)
FN:27,(anonymous_12)
FN:30,(anonymous_13)
FN:31,(anonymous_14)
FN:31,(anonymous_15)
FN:34,(anonymous_16)
FN:35,(anonymous_17)
FN:35,(anonymous_18)
FN:38,(anonymous_19)
FN:39,(anonymous_20)
FNF:18
FNH:0
FNDA:0,(anonymous_3)
FNDA:0,(anonymous_4)
FNDA:0,(anonymous_5)
FNDA:0,(anonymous_6)
FNDA:0,(anonymous_7)
FNDA:0,(anonymous_8)
FNDA:0,(anonymous_9)
FNDA:0,(anonymous_10)
FNDA:0,(anonymous_11)
FNDA:0,(anonymous_12)
FNDA:0,(anonymous_13)
FNDA:0,(anonymous_14)
FNDA:0,(anonymous_15)
FNDA:0,(anonymous_16)
FNDA:0,(anonymous_17)
FNDA:0,(anonymous_18)
FNDA:0,(anonymous_19)
FNDA:0,(anonymous_20)
DA:1,1
DA:2,1
DA:3,1
DA:4,1
DA:5,1
DA:6,1
DA:7,1
DA:8,1
DA:9,1
DA:10,1
DA:14,1
DA:16,0
DA:17,0
DA:18,1
DA:20,0
DA:21,0
DA:22,1
DA:24,0
DA:25,1
DA:27,0
DA:28,1
DA:30,0
DA:31,0
DA:32,1
DA:34,0
DA:35,0
DA:36,1
DA:38,0
DA:39,0
DA:40,1
DA:44,1
LF:31
LH:19
BRF:0
BRH:0
end_of_record
TN:
SF:src\entities\Holiday.ts
FN:10,(anonymous_2)
FN:11,(anonymous_3)
FN:11,(anonymous_4)
FN:15,(anonymous_5)
FN:19,(anonymous_6)
FNF:5
FNH:0
FNDA:0,(anonymous_2)
FNDA:0,(anonymous_3)
FNDA:0,(anonymous_4)
FNDA:0,(anonymous_5)
FNDA:0,(anonymous_6)
DA:1,1
DA:2,1
DA:3,1
DA:4,1
DA:8,1
DA:10,0
DA:11,0
DA:13,1
DA:15,0
DA:17,1
DA:19,0
DA:21,1
DA:25,1
DA:29,1
LF:14
LH:10
BRF:0
BRH:0
end_of_record
TN:
SF:src\entities\Inventory.ts
FN:12,(anonymous_2)
FN:13,(anonymous_3)
FN:16,(anonymous_4)
FN:17,(anonymous_5)
FNF:4
FNH:0
FNDA:0,(anonymous_2)
FNDA:0,(anonymous_3)
FNDA:0,(anonymous_4)
FNDA:0,(anonymous_5)
DA:1,1
DA:2,1
DA:3,1
DA:4,1
DA:5,1
DA:6,1
DA:10,1
DA:12,0
DA:13,0
DA:14,1
DA:16,0
DA:17,0
DA:18,1
LF:13
LH:9
BRF:0
BRH:0
end_of_record
TN:
SF:src\entities\Medicine.ts
FN:14,(anonymous_3)
FN:18,(anonymous_4)
FN:22,(anonymous_5)
FN:47,(anonymous_6)
FN:51,(anonymous_7)
FN:55,(anonymous_8)
FN:55,(anonymous_9)
FN:58,(anonymous_10)
FN:58,(anonymous_11)
FN:61,(anonymous_12)
FN:62,(anonymous_13)
FN:62,(anonymous_14)
FN:65,(anonymous_15)
FN:65,(anonymous_16)
FN:68,(anonymous_17)
FN:68,(anonymous_18)
FN:72,(anonymous_19)
FN:73,(anonymous_20)
FN:73,(anonymous_21)
FNF:19
FNH:0
FNDA:0,(anonymous_3)
FNDA:0,(anonymous_4)
FNDA:0,(anonymous_5)
FNDA:0,(anonymous_6)
FNDA:0,(anonymous_7)
FNDA:0,(anonymous_8)
FNDA:0,(anonymous_9)
FNDA:0,(anonymous_10)
FNDA:0,(anonymous_11)
FNDA:0,(anonymous_12)
FNDA:0,(anonymous_13)
FNDA:0,(anonymous_14)
FNDA:0,(anonymous_15)
FNDA:0,(anonymous_16)
FNDA:0,(anonymous_17)
FNDA:0,(anonymous_18)
FNDA:0,(anonymous_19)
FNDA:0,(anonymous_20)
FNDA:0,(anonymous_21)
DA:1,1
DA:2,1
DA:3,1
DA:4,1
DA:5,1
DA:6,1
DA:7,1
DA:8,1
DA:12,1
DA:14,0
DA:16,1
DA:18,0
DA:20,1
DA:22,0
DA:24,1
DA:28,1
DA:32,1
DA:36,1
DA:40,1
DA:44,1
DA:47,0
DA:49,1
DA:51,0
DA:53,1
DA:55,0
DA:56,1
DA:58,0
DA:59,1
DA:61,0
DA:62,0
DA:63,1
DA:65,0
DA:66,1
DA:68,0
DA:70,1
DA:72,0
DA:73,0
DA:74,1
LF:38
LH:25
BRF:0
BRH:0
end_of_record
TN:
SF:src\entities\MedicineItem.ts
FN:14,(anonymous_2)
FN:18,(anonymous_3)
FN:19,(anonymous_4)
FN:19,(anonymous_5)
FN:23,(anonymous_6)
FN:24,(anonymous_7)
FN:24,(anonymous_8)
FN:28,(anonymous_9)
FN:29,(anonymous_10)
FN:42,(anonymous_11)
FNF:10
FNH:0
FNDA:0,(anonymous_2)
FNDA:0,(anonymous_3)
FNDA:0,(anonymous_4)
FNDA:0,(anonymous_5)
FNDA:0,(anonymous_6)
FNDA:0,(anonymous_7)
FNDA:0,(anonymous_8)
FNDA:0,(anonymous_9)
FNDA:0,(anonymous_10)
FNDA:0,(anonymous_11)
DA:1,1
DA:2,1
DA:3,1
DA:4,1
DA:5,1
DA:8,1
DA:12,1
DA:14,0
DA:16,1
DA:18,0
DA:19,0
DA:21,1
DA:23,0
DA:24,0
DA:26,1
DA:28,0
DA:29,0
DA:31,1
DA:35,1
DA:39,1
DA:42,0
DA:44,1
DA:48,1
LF:23
LH:15
BRF:0
BRH:0
end_of_record
TN:
SF:src\entities\MedicineList.ts
FN:11,(anonymous_2)
FN:12,(anonymous_3)
FN:12,(anonymous_4)
FNF:3
FNH:0
FNDA:0,(anonymous_2)
FNDA:0,(anonymous_3)
FNDA:0,(anonymous_4)
DA:1,1
DA:2,1
DA:3,1
DA:4,1
DA:9,1
DA:11,0
DA:12,0
DA:13,1
LF:8
LH:6
BRF:0
BRH:0
end_of_record
TN:
SF:src\entities\MedicineRequest.ts
FN:10,(anonymous_2)
FN:12,(anonymous_3)
FN:16,(anonymous_4)
FN:17,(anonymous_5)
FN:17,(anonymous_6)
FN:21,(anonymous_7)
FN:22,(anonymous_8)
FN:22,(anonymous_9)
FN:26,(anonymous_10)
FN:27,(anonymous_11)
FN:27,(anonymous_12)
FN:31,(anonymous_13)
FN:35,(anonymous_14)
FNF:13
FNH:0
FNDA:0,(anonymous_2)
FNDA:0,(anonymous_3)
FNDA:0,(anonymous_4)
FNDA:0,(anonymous_5)
FNDA:0,(anonymous_6)
FNDA:0,(anonymous_7)
FNDA:0,(anonymous_8)
FNDA:0,(anonymous_9)
FNDA:0,(anonymous_10)
FNDA:0,(anonymous_11)
FNDA:0,(anonymous_12)
FNDA:0,(anonymous_13)
FNDA:0,(anonymous_14)
DA:1,1
DA:2,1
DA:3,1
DA:4,1
DA:5,1
DA:6,1
DA:10,1
DA:12,0
DA:14,1
DA:16,0
DA:17,0
DA:19,1
DA:21,0
DA:22,0
DA:24,1
DA:26,0
DA:27,0
DA:29,1
DA:31,0
DA:33,1
DA:35,0
DA:37,1
LF:22
LH:13
BRF:0
BRH:0
end_of_record
TN:
SF:src\entities\Model.ts
FN:25,(anonymous_2)
FN:9,(anonymous_3)
FN:13,(anonymous_4)
FN:17,(anonymous_5)
FN:21,(anonymous_6)
FNF:5
FNH:0
FNDA:0,(anonymous_2)
FNDA:0,(anonymous_3)
FNDA:0,(anonymous_4)
FNDA:0,(anonymous_5)
FNDA:0,(anonymous_6)
DA:1,1
DA:2,1
DA:7,1
DA:9,0
DA:11,1
DA:13,0
DA:15,1
DA:17,0
DA:19,1
DA:21,0
DA:23,1
DA:26,0
DA:27,0
LF:13
LH:7
BRF:0
BRH:0
end_of_record
TN:
SF:src\entities\Patient.ts
FN:26,(anonymous_3)
FN:27,(anonymous_4)
FN:27,(anonymous_5)
FN:30,(anonymous_6)
FN:31,(anonymous_7)
FN:31,(anonymous_8)
FN:34,(anonymous_9)
FN:35,(anonymous_10)
FN:35,(anonymous_11)
FN:38,(anonymous_12)
FN:39,(anonymous_13)
FN:39,(anonymous_14)
FN:42,(anonymous_15)
FN:43,(anonymous_16)
FN:43,(anonymous_17)
FN:46,(anonymous_18)
FN:47,(anonymous_19)
FN:47,(anonymous_20)
FN:50,(anonymous_21)
FN:51,(anonymous_22)
FN:51,(anonymous_23)
FN:55,(anonymous_24)
FN:55,(anonymous_25)
FN:58,(anonymous_26)
FN:59,(anonymous_27)
FNF:25
FNH:0
FNDA:0,(anonymous_3)
FNDA:0,(anonymous_4)
FNDA:0,(anonymous_5)
FNDA:0,(anonymous_6)
FNDA:0,(anonymous_7)
FNDA:0,(anonymous_8)
FNDA:0,(anonymous_9)
FNDA:0,(anonymous_10)
FNDA:0,(anonymous_11)
FNDA:0,(anonymous_12)
FNDA:0,(anonymous_13)
FNDA:0,(anonymous_14)
FNDA:0,(anonymous_15)
FNDA:0,(anonymous_16)
FNDA:0,(anonymous_17)
FNDA:0,(anonymous_18)
FNDA:0,(anonymous_19)
FNDA:0,(anonymous_20)
FNDA:0,(anonymous_21)
FNDA:0,(anonymous_22)
FNDA:0,(anonymous_23)
FNDA:0,(anonymous_24)
FNDA:0,(anonymous_25)
FNDA:0,(anonymous_26)
FNDA:0,(anonymous_27)
DA:1,1
DA:2,1
DA:12,1
DA:13,1
DA:14,1
DA:15,1
DA:16,1
DA:17,1
DA:18,1
DA:19,1
DA:20,1
DA:21,1
DA:25,1
DA:26,0
DA:27,0
DA:28,1
DA:30,0
DA:31,0
DA:32,1
DA:34,0
DA:35,0
DA:36,1
DA:38,0
DA:39,0
DA:40,1
DA:42,0
DA:43,0
DA:44,1
DA:46,0
DA:47,0
DA:48,1
DA:50,0
DA:51,0
DA:53,1
DA:55,0
DA:56,1
DA:58,0
DA:59,0
DA:60,1
DA:64,1
DA:68,1
LF:41
LH:24
BRF:0
BRH:0
end_of_record
TN:
SF:src\entities\Pharmacy.ts
FN:24,(anonymous_3)
FN:25,(anonymous_4)
FN:25,(anonymous_5)
FN:33,(anonymous_6)
FN:34,(anonymous_7)
FN:34,(anonymous_8)
FN:38,(anonymous_9)
FN:39,(anonymous_10)
FN:39,(anonymous_11)
FN:42,(anonymous_12)
FN:43,(anonymous_13)
FN:43,(anonymous_14)
FN:46,(anonymous_15)
FN:47,(anonymous_16)
FN:47,(anonymous_17)
FN:50,(anonymous_18)
FN:51,(anonymous_19)
FN:51,(anonymous_20)
FN:54,(anonymous_21)
FN:54,(anonymous_22)
FN:57,(anonymous_23)
FN:57,(anonymous_24)
FN:60,(anonymous_25)
FN:60,(anonymous_26)
FN:63,(anonymous_27)
FN:64,(anonymous_28)
FN:64,(anonymous_29)
FN:67,(anonymous_30)
FN:68,(anonymous_31)
FN:68,(anonymous_32)
FN:71,(anonymous_33)
FN:72,(anonymous_34)
FN:72,(anonymous_35)
FN:75,(anonymous_36)
FN:76,(anonymous_37)
FN:76,(anonymous_38)
FN:79,(anonymous_39)
FN:80,(anonymous_40)
FN:80,(anonymous_41)
FNF:39
FNH:0
FNDA:0,(anonymous_3)
FNDA:0,(anonymous_4)
FNDA:0,(anonymous_5)
FNDA:0,(anonymous_6)
FNDA:0,(anonymous_7)
FNDA:0,(anonymous_8)
FNDA:0,(anonymous_9)
FNDA:0,(anonymous_10)
FNDA:0,(anonymous_11)
FNDA:0,(anonymous_12)
FNDA:0,(anonymous_13)
FNDA:0,(anonymous_14)
FNDA:0,(anonymous_15)
FNDA:0,(anonymous_16)
FNDA:0,(anonymous_17)
FNDA:0,(anonymous_18)
FNDA:0,(anonymous_19)
FNDA:0,(anonymous_20)
FNDA:0,(anonymous_21)
FNDA:0,(anonymous_22)
FNDA:0,(anonymous_23)
FNDA:0,(anonymous_24)
FNDA:0,(anonymous_25)
FNDA:0,(anonymous_26)
FNDA:0,(anonymous_27)
FNDA:0,(anonymous_28)
FNDA:0,(anonymous_29)
FNDA:0,(anonymous_30)
FNDA:0,(anonymous_31)
FNDA:0,(anonymous_32)
FNDA:0,(anonymous_33)
FNDA:0,(anonymous_34)
FNDA:0,(anonymous_35)
FNDA:0,(anonymous_36)
FNDA:0,(anonymous_37)
FNDA:0,(anonymous_38)
FNDA:0,(anonymous_39)
FNDA:0,(anonymous_40)
FNDA:0,(anonymous_41)
DA:1,1
DA:2,1
DA:3,1
DA:4,1
DA:5,1
DA:6,1
DA:7,1
DA:8,1
DA:9,1
DA:10,1
DA:11,1
DA:12,1
DA:13,1
DA:14,1
DA:15,1
DA:16,1
DA:17,1
DA:21,1
DA:24,0
DA:25,0
DA:27,1
DA:31,1
DA:33,0
DA:34,0
DA:36,1
DA:38,0
DA:39,0
DA:40,1
DA:42,0
DA:43,0
DA:44,1
DA:46,0
DA:47,0
DA:48,1
DA:50,0
DA:51,0
DA:52,1
DA:54,0
DA:55,1
DA:57,0
DA:58,1
DA:60,0
DA:61,1
DA:63,0
DA:64,0
DA:65,1
DA:67,0
DA:68,0
DA:69,1
DA:71,0
DA:72,0
DA:73,1
DA:75,0
DA:76,0
DA:77,1
DA:79,0
DA:80,0
DA:81,1
DA:85,1
LF:59
LH:34
BRF:0
BRH:0
end_of_record
TN:
SF:src\entities\Prescription.ts
FN:12,(anonymous_3)
FN:13,(anonymous_4)
FN:16,(anonymous_5)
FN:17,(anonymous_6)
FN:20,(anonymous_7)
FN:21,(anonymous_8)
FN:21,(anonymous_9)
FN:29,(anonymous_10)
FN:36,(anonymous_11)
FNF:9
FNH:0
FNDA:0,(anonymous_3)
FNDA:0,(anonymous_4)
FNDA:0,(anonymous_5)
FNDA:0,(anonymous_6)
FNDA:0,(anonymous_7)
FNDA:0,(anonymous_8)
FNDA:0,(anonymous_9)
FNDA:0,(anonymous_10)
FNDA:0,(anonymous_11)
DA:1,1
DA:2,1
DA:3,1
DA:4,1
DA:5,1
DA:6,1
DA:10,1
DA:12,0
DA:13,0
DA:14,1
DA:16,0
DA:17,0
DA:18,1
DA:20,0
DA:21,0
DA:22,1
DA:26,1
DA:29,0
DA:30,1
DA:34,1
DA:36,0
DA:38,1
LF:22
LH:14
BRF:0
BRH:0
end_of_record
TN:
SF:src\entities\Price.ts
FN:12,(anonymous_2)
FN:13,(anonymous_3)
FN:13,(anonymous_4)
FN:17,(anonymous_5)
FN:18,(anonymous_6)
FN:18,(anonymous_7)
FN:26,(anonymous_8)
FNF:7
FNH:0
FNDA:0,(anonymous_2)
FNDA:0,(anonymous_3)
FNDA:0,(anonymous_4)
FNDA:0,(anonymous_5)
FNDA:0,(anonymous_6)
FNDA:0,(anonymous_7)
FNDA:0,(anonymous_8)
DA:1,1
DA:2,1
DA:3,1
DA:4,1
DA:5,1
DA:9,1
DA:12,0
DA:13,0
DA:15,1
DA:17,0
DA:18,0
DA:20,1
DA:24,1
DA:26,0
DA:28,1
LF:15
LH:10
BRF:0
BRH:0
end_of_record
TN:
SF:src\entities\Rating.ts
FN:13,(anonymous_3)
FN:16,(anonymous_4)
FN:19,(anonymous_5)
FN:22,(anonymous_6)
FN:25,(anonymous_7)
FNF:5
FNH:0
FNDA:0,(anonymous_3)
FNDA:0,(anonymous_4)
FNDA:0,(anonymous_5)
FNDA:0,(anonymous_6)
FNDA:0,(anonymous_7)
DA:1,1
DA:2,1
DA:3,1
DA:4,1
DA:5,1
DA:6,1
DA:7,1
DA:11,1
DA:13,0
DA:14,1
DA:16,0
DA:17,1
DA:19,0
DA:20,1
DA:22,0
DA:23,1
DA:25,0
DA:27,1
LF:18
LH:13
BRF:0
BRH:0
end_of_record
TN:
SF:src\entities\Reservation.ts
FN:14,(anonymous_3)
FN:15,(anonymous_4)
FN:15,(anonymous_5)
FN:19,(anonymous_6)
FN:20,(anonymous_7)
FN:20,(anonymous_8)
FN:24,(anonymous_9)
FN:25,(anonymous_10)
FN:25,(anonymous_11)
FN:29,(anonymous_12)
FN:33,(anonymous_13)
FNF:11
FNH:0
FNDA:0,(anonymous_3)
FNDA:0,(anonymous_4)
FNDA:0,(anonymous_5)
FNDA:0,(anonymous_6)
FNDA:0,(anonymous_7)
FNDA:0,(anonymous_8)
FNDA:0,(anonymous_9)
FNDA:0,(anonymous_10)
FNDA:0,(anonymous_11)
FNDA:0,(anonymous_12)
FNDA:0,(anonymous_13)
DA:2,1
DA:3,1
DA:4,1
DA:5,1
DA:6,1
DA:7,1
DA:8,1
DA:12,1
DA:14,0
DA:15,0
DA:17,1
DA:19,0
DA:20,0
DA:22,1
DA:24,0
DA:25,0
DA:27,1
DA:29,0
DA:31,1
DA:33,0
DA:35,1
DA:39,1
DA:43,1
LF:23
LH:15
BRF:0
BRH:0
end_of_record
TN:
SF:src\entities\Tier.ts
FN:29,(anonymous_3)
FN:30,(anonymous_4)
FN:30,(anonymous_5)
FNF:3
FNH:0
FNDA:0,(anonymous_3)
FNDA:0,(anonymous_4)
FNDA:0,(anonymous_5)
DA:1,1
DA:2,1
DA:3,1
DA:4,1
DA:8,1
DA:11,1
DA:15,1
DA:19,1
DA:23,1
DA:27,1
DA:29,0
DA:30,0
DA:31,1
LF:13
LH:11
BRF:0
BRH:0
end_of_record
TN:
SF:src\entities\User.ts
FN:15,(anonymous_2)
FN:19,(anonymous_3)
FN:24,(anonymous_4)
FN:45,(anonymous_5)
FN:46,(anonymous_6)
FN:46,(anonymous_7)
FNF:6
FNH:0
FNDA:0,(anonymous_2)
FNDA:0,(anonymous_3)
FNDA:0,(anonymous_4)
FNDA:0,(anonymous_5)
FNDA:0,(anonymous_6)
FNDA:0,(anonymous_7)
DA:1,1
DA:2,1
DA:3,1
DA:4,1
DA:5,1
DA:7,1
DA:14,1
DA:15,0
DA:17,1
DA:19,0
DA:22,1
DA:24,0
DA:26,1
DA:35,1
DA:39,1
DA:43,1
DA:45,0
DA:46,0
DA:48,1
DA:52,1
LF:20
LH:15
BRF:0
BRH:0
end_of_record
TN:
SF:src\entities\WorkingHours.ts
FN:11,(anonymous_2)
FN:12,(anonymous_3)
FN:12,(anonymous_4)
FN:16,(anonymous_5)
FN:17,(anonymous_6)
FN:17,(anonymous_7)
FNF:6
FNH:0
FNDA:0,(anonymous_2)
FNDA:0,(anonymous_3)
FNDA:0,(anonymous_4)
FNDA:0,(anonymous_5)
FNDA:0,(anonymous_6)
FNDA:0,(anonymous_7)
DA:1,1
DA:2,1
DA:3,1
DA:4,1
DA:5,1
DA:9,1
DA:11,0
DA:12,0
DA:14,1
DA:16,0
DA:17,0
DA:19,1
DA:23,1
DA:27,1
LF:14
LH:10
BRF:0
BRH:0
end_of_record
TN:
SF:src\resolvers\PatientResolver.ts
FN:17,(anonymous_12)
FN:29,(anonymous_14)
FN:36,(anonymous_16)
FN:41,(anonymous_18)
FN:62,(anonymous_20)
FN:82,(anonymous_22)
FN:85,(anonymous_23)
FN:96,(anonymous_24)
FN:110,(anonymous_25)
FN:113,(anonymous_26)
FN:115,(anonymous_27)
FN:125,(anonymous_28)
FN:143,(anonymous_29)
FN:156,(anonymous_30)
FN:175,(anonymous_32)
FN:178,(anonymous_33)
FN:197,(anonymous_34)
FN:200,(anonymous_35)
FN:202,(anonymous_36)
FN:216,(anonymous_37)
FN:232,(anonymous_39)
FN:234,(anonymous_40)
FN:243,(anonymous_41)
FN:269,(anonymous_43)
FN:292,(anonymous_45)
FN:16,(anonymous_46)
FN:28,(anonymous_47)
FN:35,(anonymous_48)
FN:40,(anonymous_49)
FN:61,(anonymous_50)
FN:155,(anonymous_51)
FN:215,(anonymous_52)
FN:242,(anonymous_53)
FN:268,(anonymous_54)
FNF:34
FNH:0
FNDA:0,(anonymous_12)
FNDA:0,(anonymous_14)
FNDA:0,(anonymous_16)
FNDA:0,(anonymous_18)
FNDA:0,(anonymous_20)
FNDA:0,(anonymous_22)
FNDA:0,(anonymous_23)
FNDA:0,(anonymous_24)
FNDA:0,(anonymous_25)
FNDA:0,(anonymous_26)
FNDA:0,(anonymous_27)
FNDA:0,(anonymous_28)
FNDA:0,(anonymous_29)
FNDA:0,(anonymous_30)
FNDA:0,(anonymous_32)
FNDA:0,(anonymous_33)
FNDA:0,(anonymous_34)
FNDA:0,(anonymous_35)
FNDA:0,(anonymous_36)
FNDA:0,(anonymous_37)
FNDA:0,(anonymous_39)
FNDA:0,(anonymous_40)
FNDA:0,(anonymous_41)
FNDA:0,(anonymous_43)
FNDA:0,(anonymous_45)
FNDA:0,(anonymous_46)
FNDA:0,(anonymous_47)
FNDA:0,(anonymous_48)
FNDA:0,(anonymous_49)
FNDA:0,(anonymous_50)
FNDA:0,(anonymous_51)
FNDA:0,(anonymous_52)
FNDA:0,(anonymous_53)
FNDA:0,(anonymous_54)
DA:1,1
DA:2,1
DA:3,1
DA:4,1
DA:5,1
DA:6,1
DA:7,1
DA:8,1
DA:9,1
DA:11,1
DA:14,1
DA:16,0
DA:17,1
DA:20,0
DA:21,0
DA:23,0
DA:24,0
DA:25,0
DA:28,0
DA:29,1
DA:32,0
DA:35,0
DA:36,1
DA:37,0
DA:40,0
DA:41,1
DA:45,0
DA:46,0
DA:47,0
DA:49,0
DA:50,0
DA:52,0
DA:53,0
DA:54,0
DA:55,0
DA:56,0
DA:61,0
DA:62,1
DA:66,0
DA:67,0
DA:68,0
DA:70,0
DA:71,0
DA:72,0
DA:74,0
DA:76,0
DA:79,0
DA:81,0
DA:82,0
DA:83,0
DA:84,0
DA:85,0
DA:86,0
DA:88,0
DA:89,0
DA:90,0
DA:91,0
DA:93,0
DA:94,0
DA:96,0
DA:98,0
DA:99,0
DA:101,0
DA:103,0
DA:107,0
DA:108,0
DA:109,0
DA:110,0
DA:111,0
DA:112,0
DA:113,0
DA:114,0
DA:115,0
DA:116,0
DA:117,0
DA:118,0
DA:119,0
DA:120,0
DA:122,0
DA:123,0
DA:125,0
DA:127,0
DA:128,0
DA:130,0
DA:132,0
DA:134,0
DA:135,0
DA:136,0
DA:137,0
DA:138,0
DA:140,0
DA:141,0
DA:143,0
DA:145,0
DA:146,0
DA:148,0
DA:152,0
DA:155,0
DA:156,1
DA:160,0
DA:161,0
DA:162,0
DA:164,0
DA:165,0
DA:166,0
DA:168,0
DA:169,0
DA:172,0
DA:174,0
DA:175,0
DA:176,0
DA:177,0
DA:178,0
DA:179,0
DA:181,0
DA:182,0
DA:183,0
DA:184,0
DA:187,0
DA:188,0
DA:190,0
DA:194,0
DA:195,0
DA:196,0
DA:197,0
DA:198,0
DA:199,0
DA:200,0
DA:201,0
DA:202,0
DA:203,0
DA:204,0
DA:205,0
DA:206,0
DA:207,0
DA:208,0
DA:210,0
DA:213,0
DA:215,0
DA:216,1
DA:219,0
DA:220,0
DA:221,0
DA:222,0
DA:224,0
DA:226,0
DA:227,0
DA:229,0
DA:232,0
DA:233,0
DA:234,0
DA:235,0
DA:238,0
DA:242,0
DA:243,1
DA:246,0
DA:247,0
DA:248,0
DA:249,0
DA:251,0
DA:253,0
DA:254,0
DA:256,0
DA:258,0
DA:259,0
DA:260,0
DA:261,0
DA:264,0
DA:268,0
DA:269,1
DA:273,0
DA:274,0
DA:275,0
DA:276,0
DA:277,0
DA:279,0
DA:281,0
DA:282,0
DA:283,0
DA:285,0
DA:286,0
DA:287,0
DA:290,0
DA:291,0
DA:292,0
DA:293,0
DA:296,0
DA:298,0
DA:299,0
DA:301,0
DA:307,0
LF:191
LH:20
BRDA:50,0,0,0
BRDA:50,0,1,0
BRDA:68,1,0,0
BRDA:68,1,1,0
BRDA:71,2,0,0
BRDA:71,2,1,0
BRDA:74,3,0,0
BRDA:74,3,1,0
BRDA:79,4,0,0
BRDA:79,4,1,0
BRDA:81,5,0,0
BRDA:81,5,1,0
BRDA:83,6,0,0
BRDA:83,6,1,0
BRDA:84,7,0,0
BRDA:84,7,1,0
BRDA:86,8,0,0
BRDA:86,8,1,0
BRDA:91,9,0,0
BRDA:91,9,1,0
BRDA:103,10,0,0
BRDA:103,10,1,0
BRDA:108,11,0,0
BRDA:108,11,1,0
BRDA:109,12,0,0
BRDA:109,12,1,0
BRDA:111,13,0,0
BRDA:111,13,1,0
BRDA:112,14,0,0
BRDA:112,14,1,0
BRDA:114,15,0,0
BRDA:114,15,1,0
BRDA:116,16,0,0
BRDA:116,16,1,0
BRDA:120,17,0,0
BRDA:120,17,1,0
BRDA:132,18,0,0
BRDA:132,18,1,0
BRDA:138,19,0,0
BRDA:138,19,1,0
BRDA:162,20,0,0
BRDA:162,20,1,0
BRDA:165,21,0,0
BRDA:165,21,1,0
BRDA:168,22,0,0
BRDA:168,22,1,0
BRDA:172,23,0,0
BRDA:172,23,1,0
BRDA:174,24,0,0
BRDA:174,24,1,0
BRDA:176,25,0,0
BRDA:176,25,1,0
BRDA:177,26,0,0
BRDA:177,26,1,0
BRDA:179,27,0,0
BRDA:179,27,1,0
BRDA:184,28,0,0
BRDA:184,28,1,0
BRDA:190,29,0,0
BRDA:190,29,1,0
BRDA:195,30,0,0
BRDA:195,30,1,0
BRDA:196,31,0,0
BRDA:196,31,1,0
BRDA:198,32,0,0
BRDA:198,32,1,0
BRDA:199,33,0,0
BRDA:199,33,1,0
BRDA:201,34,0,0
BRDA:201,34,1,0
BRDA:203,35,0,0
BRDA:203,35,1,0
BRDA:207,36,0,0
BRDA:207,36,1,0
BRDA:220,37,0,0
BRDA:220,37,1,0
BRDA:221,38,0,0
BRDA:221,38,1,0
BRDA:224,39,0,0
BRDA:224,39,1,0
BRDA:224,40,0,0
BRDA:224,40,1,0
BRDA:224,41,0,0
BRDA:224,41,1,0
BRDA:229,42,0,0
BRDA:229,42,1,0
BRDA:247,43,0,0
BRDA:247,43,1,0
BRDA:248,44,0,0
BRDA:248,44,1,0
BRDA:251,45,0,0
BRDA:251,45,1,0
BRDA:251,46,0,0
BRDA:251,46,1,0
BRDA:251,47,0,0
BRDA:251,47,1,0
BRDA:256,48,0,0
BRDA:256,48,1,0
BRDA:273,49,0,0
BRDA:273,49,1,0
BRDA:274,50,0,0
BRDA:274,50,1,0
BRDA:276,51,0,0
BRDA:276,51,1,0
BRDA:279,52,0,0
BRDA:279,52,1,0
BRDA:285,53,0,0
BRDA:285,53,1,0
BRF:108
BRH:0
end_of_record
TN:
SF:src\resolvers\types\ErrorTypes.ts
FNF:0
FNH:0
DA:1,1
DA:4,1
DA:6,1
DA:8,1
LF:4
LH:4
BRF:0
BRH:0
end_of_record
TN:
SF:src\resolvers\types\dtos.ts
FN:9,(anonymous_3)
FN:12,(anonymous_4)
FN:15,(anonymous_5)
FN:21,(anonymous_6)
FN:24,(anonymous_7)
FN:27,(anonymous_8)
FN:34,(anonymous_9)
FN:37,(anonymous_10)
FN:40,(anonymous_11)
FN:67,(anonymous_12)
FN:91,(anonymous_13)
FN:115,(anonymous_14)
FN:126,(anonymous_15)
FN:136,(anonymous_16)
FN:138,(anonymous_17)
FN:140,(anonymous_18)
FN:150,(anonymous_19)
FN:152,(anonymous_20)
FN:158,(anonymous_21)
FN:160,(anonymous_22)
FN:207,(anonymous_23)
FN:210,(anonymous_24)
FN:213,(anonymous_25)
FN:216,(anonymous_26)
FN:228,(anonymous_27)
FN:231,(anonymous_28)
FN:234,(anonymous_29)
FN:237,(anonymous_30)
FN:240,(anonymous_31)
FN:245,(anonymous_32)
FN:248,(anonymous_33)
FN:256,(anonymous_34)
FN:259,(anonymous_35)
FN:272,(anonymous_36)
FN:275,(anonymous_37)
FN:278,(anonymous_38)
FN:287,(anonymous_39)
FN:289,(anonymous_40)
FN:291,(anonymous_41)
FN:293,(anonymous_42)
FN:295,(anonymous_43)
FN:297,(anonymous_44)
FNF:42
FNH:0
FNDA:0,(anonymous_3)
FNDA:0,(anonymous_4)
FNDA:0,(anonymous_5)
FNDA:0,(anonymous_6)
FNDA:0,(anonymous_7)
FNDA:0,(anonymous_8)
FNDA:0,(anonymous_9)
FNDA:0,(anonymous_10)
FNDA:0,(anonymous_11)
FNDA:0,(anonymous_12)
FNDA:0,(anonymous_13)
FNDA:0,(anonymous_14)
FNDA:0,(anonymous_15)
FNDA:0,(anonymous_16)
FNDA:0,(anonymous_17)
FNDA:0,(anonymous_18)
FNDA:0,(anonymous_19)
FNDA:0,(anonymous_20)
FNDA:0,(anonymous_21)
FNDA:0,(anonymous_22)
FNDA:0,(anonymous_23)
FNDA:0,(anonymous_24)
FNDA:0,(anonymous_25)
FNDA:0,(anonymous_26)
FNDA:0,(anonymous_27)
FNDA:0,(anonymous_28)
FNDA:0,(anonymous_29)
FNDA:0,(anonymous_30)
FNDA:0,(anonymous_31)
FNDA:0,(anonymous_32)
FNDA:0,(anonymous_33)
FNDA:0,(anonymous_34)
FNDA:0,(anonymous_35)
FNDA:0,(anonymous_36)
FNDA:0,(anonymous_37)
FNDA:0,(anonymous_38)
FNDA:0,(anonymous_39)
FNDA:0,(anonymous_40)
FNDA:0,(anonymous_41)
FNDA:0,(anonymous_42)
FNDA:0,(anonymous_43)
FNDA:0,(anonymous_44)
DA:1,1
DA:2,1
DA:3,1
DA:4,1
DA:5,1
DA:8,1
DA:9,0
DA:10,1
DA:12,0
DA:13,1
DA:15,0
DA:16,1
DA:20,1
DA:21,0
DA:22,1
DA:24,0
DA:25,1
DA:27,0
DA:28,1
DA:33,1
DA:34,0
DA:35,1
DA:37,0
DA:38,1
DA:40,0
DA:41,1
DA:45,1
DA:47,1
DA:49,1
DA:51,1
DA:56,1
DA:58,1
DA:60,1
DA:62,1
DA:66,1
DA:67,0
DA:68,1
DA:70,1
DA:72,1
DA:76,1
DA:78,1
DA:80,1
DA:82,1
DA:84,1
DA:86,1
DA:88,1
DA:90,1
DA:91,0
DA:92,1
DA:94,1
DA:96,1
DA:100,1
DA:102,1
DA:104,1
DA:106,1
DA:110,1
DA:112,1
DA:114,1
DA:115,0
DA:116,1
DA:119,1
DA:121,1
DA:123,1
DA:125,1
DA:126,0
DA:127,1
DA:129,1
DA:131,1
DA:133,1
DA:135,1
DA:136,0
DA:137,1
DA:138,0
DA:139,1
DA:140,0
DA:141,1
DA:145,1
DA:147,1
DA:149,1
DA:150,0
DA:151,1
DA:152,0
DA:153,1
DA:155,1
DA:157,1
DA:158,0
DA:159,1
DA:160,0
DA:161,1
DA:166,1
DA:168,1
DA:170,1
DA:172,1
DA:174,1
DA:176,1
DA:178,1
DA:180,1
DA:182,1
DA:184,1
DA:186,1
DA:188,1
DA:190,1
DA:195,1
DA:197,1
DA:199,1
DA:201,1
DA:203,1
DA:206,1
DA:207,0
DA:208,1
DA:210,0
DA:211,1
DA:213,0
DA:214,1
DA:216,0
DA:217,1
DA:220,1
DA:223,1
DA:227,1
DA:228,0
DA:229,1
DA:231,0
DA:232,1
DA:234,0
DA:235,1
DA:237,0
DA:238,1
DA:240,0
DA:241,1
DA:244,1
DA:245,0
DA:246,1
DA:248,0
DA:249,1
DA:255,1
DA:256,0
DA:257,1
DA:259,0
DA:260,1
DA:263,1
DA:266,1
DA:271,1
DA:272,0
DA:273,1
DA:275,0
DA:276,1
DA:278,0
DA:279,1
DA:282,1
DA:286,1
DA:287,0
DA:288,1
DA:289,0
DA:290,1
DA:291,0
DA:292,1
DA:293,0
DA:294,1
DA:295,0
DA:296,1
DA:297,0
DA:298,1
LF:162
LH:120
BRF:0
BRH:0
end_of_record
